#
# There is insufficient memory for the Java Runtime Environment to continue.
# Native memory allocation (mmap) failed to map 317718528 bytes for committing reserved memory.
# Possible reasons:
#   The system is out of physical RAM or swap space
#   In 32 bit mode, the process size limit was hit
# Possible solutions:
#   Reduce memory load on the system
#   Increase physical memory or swap space
#   Check if swap backing store is full
#   Use 64 bit Java on a 64 bit OS
#   Decrease Java heap size (-Xmx/-Xms)
#   Decrease number of Java threads
#   Decrease Java thread stack sizes (-Xss)
#   Set larger code cache with -XX:ReservedCodeCacheSize=
# This output file may be truncated or incomplete.
#
#  Out of Memory Error (os_linux.cpp:2627), pid=3892, tid=0x00007f6a5c2b8700
#
# JRE version: OpenJDK Runtime Environment (8.0_112-b06) (build 1.8.0_112-release-b06)
# Java VM: OpenJDK 64-Bit Server VM (25.112-b06 mixed mode linux-amd64 compressed oops)
# Failed to write core dump. Core dumps have been disabled. To enable core dumping, try "ulimit -c unlimited" before starting Java again
#

---------------  T H R E A D  ---------------

Current thread (0x00007f6a6c073000):  VMThread [stack: 0x00007f6a5c1b8000,0x00007f6a5c2b9000] [id=3898]

Stack: [0x00007f6a5c1b8000,0x00007f6a5c2b9000],  sp=0x00007f6a5c2b74d0,  free space=1021k
Native frames: (J=compiled Java code, j=interpreted, Vv=VM code, C=native code)
V  [libjvm.so+0x9e465d]  VMError::report_and_die()+0x15d
V  [libjvm.so+0x4b6ada]  report_vm_out_of_memory(char const*, int, unsigned long, VMErrorType, char const*)+0x8a
V  [libjvm.so+0x84c860]  os::pd_commit_memory(char*, unsigned long, unsigned long, bool)+0xf0
V  [libjvm.so+0x84737f]  os::commit_memory(char*, unsigned long, unsigned long, bool)+0x1f
V  [libjvm.so+0x8bd3db]  PSVirtualSpace::expand_by(unsigned long)+0x5b
V  [libjvm.so+0x8ae1bb]  PSOldGen::expand_by(unsigned long) [clone .part.109]+0x1b
V  [libjvm.so+0x8ae37b]  PSOldGen::expand(unsigned long) [clone .part.111]+0xdb
V  [libjvm.so+0x8aec58]  PSOldGen::resize(unsigned long)+0x188
V  [libjvm.so+0x8b426c]  PSParallelCompact::invoke_no_policy(bool)+0x97c
V  [libjvm.so+0x8bb37d]  PSScavenge::invoke()+0x17d
V  [libjvm.so+0x86fcf3]  ParallelScavengeHeap::failed_mem_allocate(unsigned long)+0x63
V  [libjvm.so+0x9e6124]  VM_ParallelGCFailedAllocation::doit()+0x84
V  [libjvm.so+0x9ea537]  VM_Operation::evaluate()+0x47
V  [libjvm.so+0x9e8ff8]  VMThread::evaluate_operation(VM_Operation*)+0x2c8
V  [libjvm.so+0x9e9479]  VMThread::loop()+0x219
V  [libjvm.so+0x9e98c2]  VMThread::run()+0x72
V  [libjvm.so+0x849c82]  java_start(Thread*)+0xf2

VM_Operation (0x00007f6a1e4542f0): ParallelGCFailedAllocation, mode: safepoint, requested by thread 0x00007f6a6c5a4000


---------------  P R O C E S S  ---------------

Java Threads: ( => current thread )
  0x00007f6a6c5a5800 JavaThread "pool-279-thread-4" [_thread_blocked, id=9304, stack(0x00007f6a1ec5c000,0x00007f6a1ed5d000)]
  0x00007f6a6c5a4800 JavaThread "pool-279-thread-3" [_thread_blocked, id=9303, stack(0x00007f6a1f9fa000,0x00007f6a1fafb000)]
  0x00007f6a6c5a4000 JavaThread "pool-279-thread-2" [_thread_blocked, id=9302, stack(0x00007f6a1e355000,0x00007f6a1e456000)]
  0x00007f6a6c598800 JavaThread "pool-280-thread-1" [_thread_blocked, id=9301, stack(0x00007f6a1de54000,0x00007f6a1df55000)]
  0x00007f6a6c5b0800 JavaThread "pool-279-thread-1" [_thread_blocked, id=9300, stack(0x00007f6a1db51000,0x00007f6a1dc52000)]
  0x00007f6a4c010800 JavaThread "Cache update executor" [_thread_blocked, id=9259, stack(0x00007f6a1fdfe000,0x00007f6a1feff000)]
  0x00007f6a4c00e800 JavaThread "Asynchronous log dispatcher for DefaultDaemonConnection: socket connection from /127.0.0.1:42297 to /127.0.0.1:46108" [_thread_blocked, id=9255, stack(0x00007f6a2e9f9000,0x00007f6a2eafa000)]
  0x00007f6a24027800 JavaThread "Daemon worker Thread 11" [_thread_blocked, id=9253, stack(0x00007f6a2ebfb000,0x00007f6a2ecfc000)]
  0x00007f6a24029800 JavaThread "Cancel handler" [_thread_blocked, id=9252, stack(0x00007f6a2eefc000,0x00007f6a2effd000)]
  0x00007f6a24026800 JavaThread "Handler for socket connection from /127.0.0.1:42297 to /127.0.0.1:46108" [_thread_in_native, id=9251, stack(0x00007f6a2eafa000,0x00007f6a2ebfb000)]
  0x00007f6a28031000 JavaThread "Daemon Thread 11" [_thread_blocked, id=9250, stack(0x00007f6a2effd000,0x00007f6a2f0fe000)]
  0x00007f6a58037800 JavaThread "pool-8-thread-4" [_thread_blocked, id=4482, stack(0x00007f6a1e456000,0x00007f6a1e557000)]
  0x00007f6a58036800 JavaThread "pool-8-thread-3" [_thread_blocked, id=4476, stack(0x00007f6a1fcfd000,0x00007f6a1fdfe000)]
  0x00007f6a58033800 JavaThread "pool-8-thread-2" [_thread_blocked, id=4464, stack(0x00007f6a1f8f9000,0x00007f6a1f9fa000)]
  0x00007f6a48006800 JavaThread "pool-8-thread-1" [_thread_blocked, id=4463, stack(0x00007f6a1feff000,0x00007f6a20000000)]
  0x00000000017e1800 JavaThread "pool-2-thread-1" [_thread_blocked, id=3922, stack(0x00007f6a2d39a000,0x00007f6a2d49b000)]
  0x000000000154b000 JavaThread "File lock request listener" [_thread_in_native, id=3920, stack(0x00007f6a2dc43000,0x00007f6a2dd44000)]
  0x00007f6a6cd07000 JavaThread "pool-1-thread-1" [_thread_blocked, id=3916, stack(0x00007f6a2e7f7000,0x00007f6a2e8f8000)]
  0x00007f6a6cca9000 JavaThread "Incoming local TCP Connector on port 42297" [_thread_in_native, id=3907, stack(0x00007f6a2f305000,0x00007f6a2f406000)]
  0x00007f6a6c0db000 JavaThread "Service Thread" daemon [_thread_blocked, id=3904, stack(0x00007f6a54820000,0x00007f6a54921000)]
  0x00007f6a6c0b6800 JavaThread "C1 CompilerThread1" daemon [_thread_blocked, id=3903, stack(0x00007f6a54921000,0x00007f6a54a22000)]
  0x00007f6a6c0b3800 JavaThread "C2 CompilerThread0" daemon [_thread_blocked, id=3902, stack(0x00007f6a54a22000,0x00007f6a54b23000)]
  0x00007f6a6c0b2000 JavaThread "Signal Dispatcher" daemon [_thread_blocked, id=3901, stack(0x00007f6a54b23000,0x00007f6a54c24000)]
  0x00007f6a6c07f800 JavaThread "Finalizer" daemon [_thread_blocked, id=3900, stack(0x00007f6a54eff000,0x00007f6a55000000)]
  0x00007f6a6c07b000 JavaThread "Reference Handler" daemon [_thread_blocked, id=3899, stack(0x00007f6a5c0b7000,0x00007f6a5c1b8000)]
  0x00007f6a6c00a000 JavaThread "main" [_thread_blocked, id=3895, stack(0x00007f6a74210000,0x00007f6a74311000)]

Other Threads:
=>0x00007f6a6c073000 VMThread [stack: 0x00007f6a5c1b8000,0x00007f6a5c2b9000] [id=3898]
  0x00007f6a6c0dd800 WatcherThread [stack: 0x00007f6a5471f000,0x00007f6a54820000] [id=3905]

VM state:at safepoint (normal execution)

VM Mutex/Monitor currently owned by a thread:  ([mutex/lock_event])
[0x00007f6a6c005df0] ExpandHeap_lock - owner thread: 0x00007f6a6c073000
[0x00007f6a6c006470] Threads_lock - owner thread: 0x00007f6a6c073000
[0x00007f6a6c006970] Heap_lock - owner thread: 0x00007f6a6c5a4000

Heap:
 PSYoungGen      total 404480K, used 0K [0x00000000e0000000, 0x00000000ff980000, 0x0000000100000000)
  eden space 353792K, 0% used [0x00000000e0000000,0x00000000e0000000,0x00000000f5980000)
  from space 50688K, 0% used [0x00000000f5980000,0x00000000f5980000,0x00000000f8b00000)
  to   space 81920K, 0% used [0x00000000fa980000,0x00000000fa980000,0x00000000ff980000)
 ParOldGen       total 738304K, used 723782K [0x00000000a0000000, 0x00000000cd100000, 0x00000000e0000000)
  object space 738304K, 98% used [0x00000000a0000000,0x00000000cc2d1920,0x00000000cd100000)
 Metaspace       used 94670K, capacity 100632K, committed 108440K, reserved 1142784K
  class space    used 11746K, capacity 12661K, committed 14512K, reserved 1048576K

Card table byte_map: [0x00007f6a70da0000,0x00007f6a710a1000] byte_map_base: 0x00007f6a708a0000

Marking Bits: (ParMarkBitMap*) 0x00007f6a736dd340
 Begin Bits: [0x00007f6a55000000, 0x00007f6a56800000)
 End Bits:   [0x00007f6a56800000, 0x00007f6a58000000)

Polling page: 0x00007f6a7432d000

CodeCache: size=245760Kb used=77494Kb max_used=77519Kb free=168265Kb
 bounds [0x00007f6a5d000000, 0x00007f6a61c50000, 0x00007f6a6c000000]
 total_blobs=21947 nmethods=21105 adapters=755
 compilation: enabled

Compilation events (10 events):
Event: 7699.886 Thread 0x00007f6a6c0b3800 nmethod 31935% 0x00007f6a61c35d10 code [0x00007f6a61c36120, 0x00007f6a61c39e38]
Event: 7705.901 Thread 0x00007f6a6c0b3800 31936       4       com.android.dx.cf.direct.ClassPathOpener::processArchive (221 bytes)
Event: 7709.408 Thread 0x00007f6a6c0b3800 nmethod 31936 0x00007f6a61c3d150 code [0x00007f6a61c3d6a0, 0x00007f6a61c41f58]
Event: 7714.742 Thread 0x00007f6a6c0b6800 31937 %     3       com.android.dx.cf.code.BasicBlocker::visitSwitch @ 27 (64 bytes)
Event: 7714.847 Thread 0x00007f6a6c0b6800 nmethod 31937% 0x00007f6a61c27890 code [0x00007f6a61c27b00, 0x00007f6a61c28b78]
Event: 7720.825 Thread 0x00007f6a6c0b6800 31938 %     3       com.android.dx.dex.code.RopTranslator$TranslationVisitor::visitSwitchInsn @ 82 (237 bytes)
Event: 7725.881 Thread 0x00007f6a6c0b6800 nmethod 31938% 0x00007f6a5ff05c50 code [0x00007f6a5ff06000, 0x00007f6a5ff086d8]
Event: 7768.143 Thread 0x00007f6a6c0b3800 31939       4       java.util.concurrent.ConcurrentHashMap$TreeBin::<init> (259 bytes)
Event: 7769.169 Thread 0x00007f6a6c0b6800 31940       3       com.android.dx.dex.code.SwitchData::shouldPack (50 bytes)
Event: 7769.182 Thread 0x00007f6a6c0b6800 nmethod 31940 0x00007f6a5de10690 code [0x00007f6a5de10820, 0x00007f6a5de10c88]

GC Heap History (10 events):
Event: 7719.161 GC heap after
Heap after GC invocations=233 (full 22):
 PSYoungGen      total 430592K, used 55265K [0x00000000e0000000, 0x0000000100000000, 0x0000000100000000)
  eden space 344576K, 0% used [0x00000000e0000000,0x00000000e0000000,0x00000000f5080000)
  from space 86016K, 64% used [0x00000000f5080000,0x00000000f8678680,0x00000000fa480000)
  to   space 85504K, 0% used [0x00000000fac80000,0x00000000fac80000,0x0000000100000000)
 ParOldGen       total 738304K, used 463505K [0x00000000a0000000, 0x00000000cd100000, 0x00000000e0000000)
  object space 738304K, 62% used [0x00000000a0000000,0x00000000bc4a46d8,0x00000000cd100000)
 Metaspace       used 94670K, capacity 100632K, committed 108440K, reserved 1142784K
  class space    used 11746K, capacity 12661K, committed 14512K, reserved 1048576K
}
Event: 7721.196 GC heap before
{Heap before GC invocations=234 (full 22):
 PSYoungGen      total 430592K, used 399841K [0x00000000e0000000, 0x0000000100000000, 0x0000000100000000)
  eden space 344576K, 100% used [0x00000000e0000000,0x00000000f5080000,0x00000000f5080000)
  from space 86016K, 64% used [0x00000000f5080000,0x00000000f8678680,0x00000000fa480000)
  to   space 85504K, 0% used [0x00000000fac80000,0x00000000fac80000,0x0000000100000000)
 ParOldGen       total 738304K, used 463505K [0x00000000a0000000, 0x00000000cd100000, 0x00000000e0000000)
  object space 738304K, 62% used [0x00000000a0000000,0x00000000bc4a46d8,0x00000000cd100000)
 Metaspace       used 94670K, capacity 100632K, committed 108440K, reserved 1142784K
  class space    used 11746K, capacity 12661K, committed 14512K, reserved 1048576K
Event: 7725.879 GC heap after
Heap after GC invocations=234 (full 22):
 PSYoungGen      total 434688K, used 52672K [0x00000000e0000000, 0x00000000ffc80000, 0x0000000100000000)
  eden space 352768K, 0% used [0x00000000e0000000,0x00000000e0000000,0x00000000f5880000)
  from space 81920K, 64% used [0x00000000fac80000,0x00000000fdff0178,0x00000000ffc80000)
  to   space 83968K, 0% used [0x00000000f5880000,0x00000000f5880000,0x00000000faa80000)
 ParOldGen       total 738304K, used 516303K [0x00000000a0000000, 0x00000000cd100000, 0x00000000e0000000)
  object space 738304K, 69% used [0x00000000a0000000,0x00000000bf833ca0,0x00000000cd100000)
 Metaspace       used 94670K, capacity 100632K, committed 108440K, reserved 1142784K
  class space    used 11746K, capacity 12661K, committed 14512K, reserved 1048576K
}
Event: 7726.894 GC heap before
{Heap before GC invocations=235 (full 22):
 PSYoungGen      total 434688K, used 405440K [0x00000000e0000000, 0x00000000ffc80000, 0x0000000100000000)
  eden space 352768K, 100% used [0x00000000e0000000,0x00000000f5880000,0x00000000f5880000)
  from space 81920K, 64% used [0x00000000fac80000,0x00000000fdff0178,0x00000000ffc80000)
  to   space 83968K, 0% used [0x00000000f5880000,0x00000000f5880000,0x00000000faa80000)
 ParOldGen       total 738304K, used 516303K [0x00000000a0000000, 0x00000000cd100000, 0x00000000e0000000)
  object space 738304K, 69% used [0x00000000a0000000,0x00000000bf833ca0,0x00000000cd100000)
 Metaspace       used 94670K, capacity 100632K, committed 108440K, reserved 1142784K
  class space    used 11746K, capacity 12661K, committed 14512K, reserved 1048576K
Event: 7761.059 GC heap after
Heap after GC invocations=235 (full 22):
 PSYoungGen      total 436736K, used 59803K [0x00000000e0000000, 0x0000000100000000, 0x0000000100000000)
  eden space 352768K, 0% used [0x00000000e0000000,0x00000000e0000000,0x00000000f5880000)
  from space 83968K, 71% used [0x00000000f5880000,0x00000000f92e6cf0,0x00000000faa80000)
  to   space 85504K, 0% used [0x00000000fac80000,0x00000000fac80000,0x0000000100000000)
 ParOldGen       total 738304K, used 567122K [0x00000000a0000000, 0x00000000cd100000, 0x00000000e0000000)
  object space 738304K, 76% used [0x00000000a0000000,0x00000000c29d4b70,0x00000000cd100000)
 Metaspace       used 94670K, capacity 100632K, committed 108440K, reserved 1142784K
  class space    used 11746K, capacity 12661K, committed 14512K, reserved 1048576K
}
Event: 7763.213 GC heap before
{Heap before GC invocations=236 (full 22):
 PSYoungGen      total 436736K, used 412571K [0x00000000e0000000, 0x0000000100000000, 0x0000000100000000)
  eden space 352768K, 100% used [0x00000000e0000000,0x00000000f5880000,0x00000000f5880000)
  from space 83968K, 71% used [0x00000000f5880000,0x00000000f92e6cf0,0x00000000faa80000)
  to   space 85504K, 0% used [0x00000000fac80000,0x00000000fac80000,0x0000000100000000)
 ParOldGen       total 738304K, used 567122K [0x00000000a0000000, 0x00000000cd100000, 0x00000000e0000000)
  object space 738304K, 76% used [0x00000000a0000000,0x00000000c29d4b70,0x00000000cd100000)
 Metaspace       used 94670K, capacity 100632K, committed 108440K, reserved 1142784K
  class space    used 11746K, capacity 12661K, committed 14512K, reserved 1048576K
Event: 7767.302 GC heap after
Heap after GC invocations=236 (full 22):
 PSYoungGen      total 439296K, used 57375K [0x00000000e0000000, 0x0000000100000000, 0x0000000100000000)
  eden space 353792K, 0% used [0x00000000e0000000,0x00000000e0000000,0x00000000f5980000)
  from space 85504K, 67% used [0x00000000fac80000,0x00000000fe487e08,0x0000000100000000)
  to   space 84992K, 0% used [0x00000000f5980000,0x00000000f5980000,0x00000000fac80000)
 ParOldGen       total 738304K, used 623819K [0x00000000a0000000, 0x00000000cd100000, 0x00000000e0000000)
  object space 738304K, 84% used [0x00000000a0000000,0x00000000c6132e10,0x00000000cd100000)
 Metaspace       used 94670K, capacity 100632K, committed 108440K, reserved 1142784K
  class space    used 11746K, capacity 12661K, committed 14512K, reserved 1048576K
}
Event: 7769.440 GC heap before
{Heap before GC invocations=237 (full 22):
 PSYoungGen      total 439296K, used 411167K [0x00000000e0000000, 0x0000000100000000, 0x0000000100000000)
  eden space 353792K, 100% used [0x00000000e0000000,0x00000000f5980000,0x00000000f5980000)
  from space 85504K, 67% used [0x00000000fac80000,0x00000000fe487e08,0x0000000100000000)
  to   space 84992K, 0% used [0x00000000f5980000,0x00000000f5980000,0x00000000fac80000)
 ParOldGen       total 738304K, used 623819K [0x00000000a0000000, 0x00000000cd100000, 0x00000000e0000000)
  object space 738304K, 84% used [0x00000000a0000000,0x00000000c6132e10,0x00000000cd100000)
 Metaspace       used 94670K, capacity 100632K, committed 108440K, reserved 1142784K
  class space    used 11746K, capacity 12661K, committed 14512K, reserved 1048576K
Event: 7771.340 GC heap after
Heap after GC invocations=237 (full 22):
 PSYoungGen      total 404480K, used 50431K [0x00000000e0000000, 0x00000000ff980000, 0x0000000100000000)
  eden space 353792K, 0% used [0x00000000e0000000,0x00000000e0000000,0x00000000f5980000)
  from space 50688K, 99% used [0x00000000f5980000,0x00000000f8abfe20,0x00000000f8b00000)
  to   space 81920K, 0% used [0x00000000fa980000,0x00000000fa980000,0x00000000ff980000)
 ParOldGen       total 738304K, used 678806K [0x00000000a0000000, 0x00000000cd100000, 0x00000000e0000000)
  object space 738304K, 91% used [0x00000000a0000000,0x00000000c96e5b88,0x00000000cd100000)
 Metaspace       used 94670K, capacity 100632K, committed 108440K, reserved 1142784K
  class space    used 11746K, capacity 12661K, committed 14512K, reserved 1048576K
}
Event: 7771.385 GC heap before
{Heap before GC invocations=238 (full 23):
 PSYoungGen      total 404480K, used 50431K [0x00000000e0000000, 0x00000000ff980000, 0x0000000100000000)
  eden space 353792K, 0% used [0x00000000e0000000,0x00000000e0000000,0x00000000f5980000)
  from space 50688K, 99% used [0x00000000f5980000,0x00000000f8abfe20,0x00000000f8b00000)
  to   space 81920K, 0% used [0x00000000fa980000,0x00000000fa980000,0x00000000ff980000)
 ParOldGen       total 738304K, used 678806K [0x00000000a0000000, 0x00000000cd100000, 0x00000000e0000000)
  object space 738304K, 91% used [0x00000000a0000000,0x00000000c96e5b88,0x00000000cd100000)
 Metaspace       used 94670K, capacity 100632K, committed 108440K, reserved 1142784K
  class space    used 11746K, capacity 12661K, committed 14512K, reserved 1048576K

Deoptimization events (10 events):
Event: 7465.264 Thread 0x00007f6a24027800 Uncommon trap: reason=class_check action=maybe_recompile pc=0x00007f6a5e7f5be4 method=proguard.classfile.constant.StringConstant.referencedClassAccept(Lproguard/classfile/visitor/ClassVisitor;)V @ 19
Event: 7481.967 Thread 0x00007f6a24027800 Uncommon trap: reason=bimorphic action=maybe_recompile pc=0x00007f6a5e544da4 method=proguard.classfile.constant.ClassConstant.accept(Lproguard/classfile/Clazz;Lproguard/classfile/constant/visitor/ConstantVisitor;)V @ 3
Event: 7481.967 Thread 0x00007f6a24027800 Uncommon trap: reason=bimorphic action=maybe_recompile pc=0x00007f6a5e544da4 method=proguard.classfile.constant.ClassConstant.accept(Lproguard/classfile/Clazz;Lproguard/classfile/constant/visitor/ConstantVisitor;)V @ 3
Event: 7481.967 Thread 0x00007f6a24027800 Uncommon trap: reason=bimorphic action=maybe_recompile pc=0x00007f6a5e544da4 method=proguard.classfile.constant.ClassConstant.accept(Lproguard/classfile/Clazz;Lproguard/classfile/constant/visitor/ConstantVisitor;)V @ 3
Event: 7481.967 Thread 0x00007f6a24027800 Uncommon trap: reason=bimorphic action=maybe_recompile pc=0x00007f6a5e544da4 method=proguard.classfile.constant.ClassConstant.accept(Lproguard/classfile/Clazz;Lproguard/classfile/constant/visitor/ConstantVisitor;)V @ 3
Event: 7482.090 Thread 0x00007f6a24027800 Uncommon trap: reason=array_check action=maybe_recompile pc=0x00007f6a618f4528 method=java.util.ComparableTimSort.mergeHi(IIII)V @ 277
Event: 7482.130 Thread 0x00007f6a24027800 Uncommon trap: reason=array_check action=maybe_recompile pc=0x00007f6a618f44b8 method=java.util.ComparableTimSort.mergeHi(IIII)V @ 245
Event: 7482.130 Thread 0x00007f6a24027800 Uncommon trap: reason=array_check action=maybe_recompile pc=0x00007f6a618f44b8 method=java.util.ComparableTimSort.mergeHi(IIII)V @ 245
Event: 7482.131 Thread 0x00007f6a24027800 Uncommon trap: reason=array_check action=maybe_recompile pc=0x00007f6a616d8dfc method=java.util.ComparableTimSort.mergeHi(IIII)V @ 245
Event: 7535.723 Thread 0x00007f6a58033800 Uncommon trap: reason=null_check action=make_not_entrant pc=0x00007f6a61af2fc8 method=java.util.zip.ZipFile.close()V @ 160

Internal exceptions (10 events):
Event: 7391.559 Thread 0x00007f6a24027800 Exception <a 'sun/nio/fs/UnixException'> (0x00000000f2bc41c8) thrown at [/ssd/Android/AOSP-openjdk/external/jetbrains/jdk/hotspot/src/share/vm/prims/jni.cpp, line 709]
Event: 7391.559 Thread 0x00007f6a24027800 Exception <a 'sun/nio/fs/UnixException'> (0x00000000f2bc64a8) thrown at [/ssd/Android/AOSP-openjdk/external/jetbrains/jdk/hotspot/src/share/vm/prims/jni.cpp, line 709]
Event: 7391.559 Thread 0x00007f6a24027800 Exception <a 'sun/nio/fs/UnixException'> (0x00000000f2bc7a88) thrown at [/ssd/Android/AOSP-openjdk/external/jetbrains/jdk/hotspot/src/share/vm/prims/jni.cpp, line 709]
Event: 7391.594 Thread 0x00007f6a24027800 Exception <a 'sun/nio/fs/UnixException'> (0x00000000f2bca508) thrown at [/ssd/Android/AOSP-openjdk/external/jetbrains/jdk/hotspot/src/share/vm/prims/jni.cpp, line 709]
Event: 7391.594 Thread 0x00007f6a24027800 Exception <a 'sun/nio/fs/UnixException'> (0x00000000f2bcba98) thrown at [/ssd/Android/AOSP-openjdk/external/jetbrains/jdk/hotspot/src/share/vm/prims/jni.cpp, line 709]
Event: 7391.595 Thread 0x00007f6a24027800 Exception <a 'sun/nio/fs/UnixException'> (0x00000000f2bce628) thrown at [/ssd/Android/AOSP-openjdk/external/jetbrains/jdk/hotspot/src/share/vm/prims/jni.cpp, line 709]
Event: 7391.595 Thread 0x00007f6a24027800 Exception <a 'sun/nio/fs/UnixException'> (0x00000000f2bcf958) thrown at [/ssd/Android/AOSP-openjdk/external/jetbrains/jdk/hotspot/src/share/vm/prims/jni.cpp, line 709]
Event: 7391.595 Thread 0x00007f6a24027800 Exception <a 'sun/nio/fs/UnixException'> (0x00000000f2bd4590) thrown at [/ssd/Android/AOSP-openjdk/external/jetbrains/jdk/hotspot/src/share/vm/prims/jni.cpp, line 709]
Event: 7391.595 Thread 0x00007f6a24027800 Exception <a 'sun/nio/fs/UnixException'> (0x00000000f2bd58a0) thrown at [/ssd/Android/AOSP-openjdk/external/jetbrains/jdk/hotspot/src/share/vm/prims/jni.cpp, line 709]
Event: 7535.721 Thread 0x00007f6a58033800 Implicit null exception at 0x00007f6a61af0c74 to 0x00007f6a61af2fa1

Events (10 events):
Event: 7725.879 Executing VM operation: ParallelGCFailedAllocation done
Event: 7725.881 Thread 0x00007f6a6c0b6800 flushing nmethod 0x00007f6a5dd7b290
Event: 7726.139 Thread 0x00007f6a6c0b6800 flushing nmethod 0x00007f6a5e079d10
Event: 7726.818 Executing VM operation: ParallelGCFailedAllocation
Event: 7761.059 Executing VM operation: ParallelGCFailedAllocation done
Event: 7762.983 Executing VM operation: ParallelGCFailedAllocation
Event: 7767.303 Executing VM operation: ParallelGCFailedAllocation done
Event: 7769.183 Thread 0x00007f6a6c0b6800 flushing nmethod 0x00007f6a5e10f710
Event: 7769.263 Thread 0x00007f6a6c0b6800 flushing nmethod 0x00007f6a5e1b5bd0
Event: 7769.316 Executing VM operation: ParallelGCFailedAllocation


Dynamic libraries:
00400000-00401000 r-xp 00000000 08:02 16779558                           /home/abdulrahman/local/android-studio/jre/bin/java
00600000-00601000 r--p 00000000 08:02 16779558                           /home/abdulrahman/local/android-studio/jre/bin/java
00601000-00602000 rw-p 00001000 08:02 16779558                           /home/abdulrahman/local/android-studio/jre/bin/java
00e55000-02b25000 rw-p 00000000 00:00 0                                  [heap]
a0000000-cd100000 rw-p 00000000 00:00 0 
e0000000-ff980000 rw-p 00000000 00:00 0 
ff980000-100000000 ---p 00000000 00:00 0 
100000000-100e2c000 rw-p 00000000 00:00 0 
100e2c000-140000000 ---p 00000000 00:00 0 
7f6a16a6f000-7f6a16b60000 r--s 00b40000 08:02 29492637                   /home/abdulrahman/Documents/Android colaborations/HngMobileApp2/app/build/intermediates/transforms/jarMerging/debug/jars/1/1f/combined.jar
7f6a16b60000-7f6a16d20000 rw-p 00000000 00:00 0 
7f6a16d20000-7f6a16d60000 ---p 00000000 00:00 0 
7f6a16d60000-7f6a16f60000 rw-p 00000000 00:00 0 
7f6a17362000-7f6a17562000 rw-p 00000000 00:00 0 
7f6a17562000-7f6a17762000 rw-p 00000000 00:00 0 
7f6a17762000-7f6a17962000 rw-p 00000000 00:00 0 
7f6a17a00000-7f6a17c00000 rw-p 00000000 00:00 0 
7f6a17c00000-7f6a17e00000 rw-p 00000000 00:00 0 
7f6a17e00000-7f6a18000000 rw-p 00000000 00:00 0 
7f6a18000000-7f6a1819c000 rw-p 00000000 00:00 0 
7f6a1819c000-7f6a1c000000 ---p 00000000 00:00 0 
7f6a1c0ed000-7f6a1c2ed000 rw-p 00000000 00:00 0 
7f6a1c2ed000-7f6a1c35f000 r-xp 00000000 08:02 2232923                    /lib/x86_64-linux-gnu/libpcre.so.3.13.3
7f6a1c35f000-7f6a1c55e000 ---p 00072000 08:02 2232923                    /lib/x86_64-linux-gnu/libpcre.so.3.13.3
7f6a1c55e000-7f6a1c55f000 r--p 00071000 08:02 2232923                    /lib/x86_64-linux-gnu/libpcre.so.3.13.3
7f6a1c55f000-7f6a1c560000 rw-p 00072000 08:02 2232923                    /lib/x86_64-linux-gnu/libpcre.so.3.13.3
7f6a1c560000-7f6a1c585000 r-xp 00000000 08:02 2232950                    /lib/x86_64-linux-gnu/libselinux.so.1
7f6a1c585000-7f6a1c784000 ---p 00025000 08:02 2232950                    /lib/x86_64-linux-gnu/libselinux.so.1
7f6a1c784000-7f6a1c785000 r--p 00024000 08:02 2232950                    /lib/x86_64-linux-gnu/libselinux.so.1
7f6a1c785000-7f6a1c786000 rw-p 00025000 08:02 2232950                    /lib/x86_64-linux-gnu/libselinux.so.1
7f6a1c786000-7f6a1c788000 rw-p 00000000 00:00 0 
7f6a1c788000-7f6a1c7c9000 r-xp 00000000 08:02 2232770                    /lib/x86_64-linux-gnu/libnss_resolve.so.2
7f6a1c7c9000-7f6a1c7cc000 r--p 00040000 08:02 2232770                    /lib/x86_64-linux-gnu/libnss_resolve.so.2
7f6a1c7cc000-7f6a1c7cd000 rw-p 00043000 08:02 2232770                    /lib/x86_64-linux-gnu/libnss_resolve.so.2
7f6a1c7cd000-7f6a1c7ce000 rw-p 00000000 00:00 0 
7f6a1c7ce000-7f6a1c7d0000 r-xp 00000000 08:02 2232898                    /lib/x86_64-linux-gnu/libnss_mdns4_minimal.so.2
7f6a1c7d0000-7f6a1c9cf000 ---p 00002000 08:02 2232898                    /lib/x86_64-linux-gnu/libnss_mdns4_minimal.so.2
7f6a1c9cf000-7f6a1c9d0000 r--p 00001000 08:02 2232898                    /lib/x86_64-linux-gnu/libnss_mdns4_minimal.so.2
7f6a1c9d0000-7f6a1c9d1000 rw-p 00002000 08:02 2232898                    /lib/x86_64-linux-gnu/libnss_mdns4_minimal.so.2
7f6a1c9e7000-7f6a1c9ec000 r--s 0003b000 08:02 16779604                   /home/abdulrahman/local/android-studio/jre/jre/lib/ext/sunjce_provider.jar
7f6a1c9ec000-7f6a1ca22000 r-xp 00000000 08:02 16779641                   /home/abdulrahman/local/android-studio/jre/jre/lib/amd64/libsunec.so
7f6a1ca22000-7f6a1cc21000 ---p 00036000 08:02 16779641                   /home/abdulrahman/local/android-studio/jre/jre/lib/amd64/libsunec.so
7f6a1cc21000-7f6a1cc26000 r--p 00035000 08:02 16779641                   /home/abdulrahman/local/android-studio/jre/jre/lib/amd64/libsunec.so
7f6a1cc26000-7f6a1cc28000 rw-p 0003a000 08:02 16779641                   /home/abdulrahman/local/android-studio/jre/jre/lib/amd64/libsunec.so
7f6a1cc28000-7f6a1cc39000 rw-p 00000000 00:00 0 
7f6a1cc39000-7f6a1cc3a000 r--s 00008000 08:02 16779608                   /home/abdulrahman/local/android-studio/jre/jre/lib/ext/sunec.jar
7f6a1cc3a000-7f6a1ce3a000 rw-p 00000000 00:00 0 
7f6a1ce3a000-7f6a1d03a000 rw-p 00000000 00:00 0 
7f6a1d03a000-7f6a1d23a000 rw-p 00000000 00:00 0 
7f6a1d23a000-7f6a1d43a000 rw-p 00000000 00:00 0 
7f6a1d43a000-7f6a1d43f000 r--s 00034000 08:02 20188321                   /home/abdulrahman/.gradle/caches/jars-2/c74d41v3l7o57dyhdc4xhdfblc3m2cw/gson-2.5.jar
7f6a1d43f000-7f6a1d4af000 r--s 00643000 08:02 20057464                   /home/abdulrahman/.gradle/caches/jars-2/8cxlnul3q31hn64oaeyb96yvefwfs4h/groovy-all-2.4.6.jar
7f6a1d4af000-7f6a1d4b4000 r--s 0007a000 08:02 20188319                   /home/abdulrahman/.gradle/caches/jars-2/grenzqfqt85mgjj0y0ira3t0y08jana/gradle-tooling-extension-impl.jar
7f6a1d4b4000-7f6a1d4c2000 r--s 000c9000 08:02 18484209                   /home/abdulrahman/.gradle/caches/jars-2/46k0r6z8zyd8yuf6xo49r1y5jbv77o9/kotlin-runtime.jar
7f6a1d54f000-7f6a1d74f000 rw-p 00000000 00:00 0 
7f6a1d74f000-7f6a1d94f000 rw-p 00000000 00:00 0 
7f6a1d94f000-7f6a1d952000 ---p 00000000 00:00 0 
7f6a1d952000-7f6a1da50000 rw-p 00000000 00:00 0 
7f6a1da50000-7f6a1da53000 ---p 00000000 00:00 0 
7f6a1da53000-7f6a1db51000 rw-p 00000000 00:00 0 
7f6a1db51000-7f6a1db54000 ---p 00000000 00:00 0 
7f6a1db54000-7f6a1dc52000 rw-p 00000000 00:00 0 
7f6a1dc52000-7f6a1dc55000 ---p 00000000 00:00 0 
7f6a1dc55000-7f6a1dd53000 rw-p 00000000 00:00 0 
7f6a1dd53000-7f6a1dd56000 ---p 00000000 00:00 0 
7f6a1dd56000-7f6a1de54000 rw-p 00000000 00:00 0 
7f6a1de54000-7f6a1de57000 ---p 00000000 00:00 0 
7f6a1de57000-7f6a1e155000 rw-p 00000000 00:00 0 
7f6a1e155000-7f6a1e355000 rw-p 00000000 00:00 0 
7f6a1e355000-7f6a1e358000 ---p 00000000 00:00 0 
7f6a1e358000-7f6a1e456000 rw-p 00000000 00:00 0 
7f6a1e456000-7f6a1e459000 ---p 00000000 00:00 0 
7f6a1e459000-7f6a1e757000 rw-p 00000000 00:00 0 
7f6a1e757000-7f6a1e75a000 ---p 00000000 00:00 0 
7f6a1e75a000-7f6a1e858000 rw-p 00000000 00:00 0 
7f6a1e858000-7f6a1e85b000 ---p 00000000 00:00 0 
7f6a1e85b000-7f6a1e959000 rw-p 00000000 00:00 0 
7f6a1e959000-7f6a1e95c000 ---p 00000000 00:00 0 
7f6a1e95c000-7f6a1ea5a000 rw-p 00000000 00:00 0 
7f6a1ea5a000-7f6a1ea5d000 ---p 00000000 00:00 0 
7f6a1ea5d000-7f6a1eb5b000 rw-p 00000000 00:00 0 
7f6a1eb5b000-7f6a1eb5e000 ---p 00000000 00:00 0 
7f6a1eb5e000-7f6a1ec5c000 rw-p 00000000 00:00 0 
7f6a1ec5c000-7f6a1ec5f000 ---p 00000000 00:00 0 
7f6a1ec5f000-7f6a1ef5d000 rw-p 00000000 00:00 0 
7f6a1ef5d000-7f6a1f15d000 rw-p 00000000 00:00 0 
7f6a1f15d000-7f6a1f35d000 rw-p 00000000 00:00 0 
7f6a1f35e000-7f6a1f386000 r--s 001cf000 08:02 18876973                   /home/abdulrahman/.gradle/caches/jars-2/87eo0lrvp84r6dbxjq018wy66es2era/guava-jdk5-17.0.jar
7f6a1f386000-7f6a1f389000 ---p 00000000 00:00 0 
7f6a1f389000-7f6a1f3bf000 rw-p 00000000 00:00 0 
7f6a1f3bf000-7f6a1f3c2000 ---p 00000000 00:00 0 
7f6a1f3c2000-7f6a1f5f2000 rw-p 00000000 00:00 0 
7f6a1f5f2000-7f6a1f5f8000 ---p 00000000 00:00 0 
7f6a1f5f8000-7f6a1f7f8000 rw-p 00000000 00:00 0 
7f6a1f7f8000-7f6a1f7fb000 ---p 00000000 00:00 0 
7f6a1f7fb000-7f6a1f8f9000 rw-p 00000000 00:00 0 
7f6a1f8f9000-7f6a1f8fc000 ---p 00000000 00:00 0 
7f6a1f8fc000-7f6a1f9fa000 rw-p 00000000 00:00 0 
7f6a1f9fa000-7f6a1f9fd000 ---p 00000000 00:00 0 
7f6a1f9fd000-7f6a1fafb000 rw-p 00000000 00:00 0 
7f6a1fafb000-7f6a1fafe000 ---p 00000000 00:00 0 
7f6a1fafe000-7f6a1fbfc000 rw-p 00000000 00:00 0 
7f6a1fbfc000-7f6a1fbff000 ---p 00000000 00:00 0 
7f6a1fbff000-7f6a1fcfd000 rw-p 00000000 00:00 0 
7f6a1fcfd000-7f6a1fd00000 ---p 00000000 00:00 0 
7f6a1fd00000-7f6a1fdfe000 rw-p 00000000 00:00 0 
7f6a1fdfe000-7f6a1fe01000 ---p 00000000 00:00 0 
7f6a1fe01000-7f6a1feff000 rw-p 00000000 00:00 0 
7f6a1feff000-7f6a1ff02000 ---p 00000000 00:00 0 
7f6a1ff02000-7f6a20000000 rw-p 00000000 00:00 0 
7f6a20000000-7f6a20ca5000 rw-p 00000000 00:00 0 
7f6a20ca5000-7f6a24000000 ---p 00000000 00:00 0 
7f6a24000000-7f6a24065000 rw-p 00000000 00:00 0 
7f6a24065000-7f6a28000000 ---p 00000000 00:00 0 
7f6a28000000-7f6a286e3000 rw-p 00000000 00:00 0 
7f6a286e3000-7f6a2c000000 ---p 00000000 00:00 0 
7f6a2c000000-7f6a2c001000 r--s 00002000 08:02 18353554                   /home/abdulrahman/.gradle/caches/jars-2/b6k3xxqid27sgn4fjnv620j48tkifwi/kotlin-gradle-tooling.jar
7f6a2c001000-7f6a2c002000 r--s 00002000 08:02 19662995                   /home/abdulrahman/.gradle/caches/jars-2/svwjsy9ijjnr8w6koqz6kn1bqvdhlg4/external-system-rt.jar
7f6a2c002000-7f6a2c004000 r--s 0000a000 08:02 19401088                   /home/abdulrahman/.gradle/caches/jars-2/7218vekn48fs59m3epgdn3toof1pltz/gradle-tooling-extension-api.jar
7f6a2c011000-7f6a2c014000 r--s 00015000 08:02 16779681                   /home/abdulrahman/local/android-studio/jre/jre/lib/jce.jar
7f6a2c014000-7f6a2c017000 ---p 00000000 00:00 0 
7f6a2c017000-7f6a2c04d000 rw-p 00000000 00:00 0 
7f6a2c04d000-7f6a2c050000 ---p 00000000 00:00 0 
7f6a2c050000-7f6a2c286000 rw-p 00000000 00:00 0 
7f6a2c286000-7f6a2c486000 rw-p 00000000 00:00 0 
7f6a2c486000-7f6a2c489000 ---p 00000000 00:00 0 
7f6a2c489000-7f6a2c787000 rw-p 00000000 00:00 0 
7f6a2c787000-7f6a2c987000 rw-p 00000000 00:00 0 
7f6a2c987000-7f6a2cb87000 rw-p 00000000 00:00 0 
7f6a2cb87000-7f6a2cb9a000 r--s 00344000 08:02 16779581                   /home/abdulrahman/local/android-studio/jre/jre/lib/resources.jar
7f6a2cb9a000-7f6a2cd9a000 rw-p 00000000 00:00 0 
7f6a2cd9a000-7f6a2cf9a000 rw-p 00000000 00:00 0 
7f6a2cf9a000-7f6a2d19a000 rw-p 00000000 00:00 0 
7f6a2d19a000-7f6a2d39a000 rw-p 00000000 00:00 0 
7f6a2d39a000-7f6a2d39d000 ---p 00000000 00:00 0 
7f6a2d39d000-7f6a2d69b000 rw-p 00000000 00:00 0 
7f6a2d69b000-7f6a2d69c000 r--s 00001000 08:02 21628597                   /home/abdulrahman/.gradle/caches/jars-2/cmhx5eetujk7j30d3nllwxyrlnugzjw/annotations-25.3.3.jar
7f6a2d69c000-7f6a2d6a4000 r--s 000a8000 08:02 21628595                   /home/abdulrahman/.gradle/caches/jars-2/lp0h431tl0554nh1vx6zomcvteflkp/lombok-ast-0.2.3.jar
7f6a2d6a4000-7f6a2d6b8000 r--s 000b4000 08:02 21628593                   /home/abdulrahman/.gradle/caches/jars-2/hgvw6szzawm3evod5l2d6iutfug31w0/uast-162.2228.14.jar
7f6a2d6b8000-7f6a2d6ba000 r--s 0000d000 08:02 21628591                   /home/abdulrahman/.gradle/caches/jars-2/7pwz1bowgakb1eux9ezb56jlturgsyi/commons-codec-1.4.jar
7f6a2d6ba000-7f6a2d6bc000 r--s 0000d000 08:02 21628589                   /home/abdulrahman/.gradle/caches/jars-2/9dj1m0eyooi5qt13735vz8fpkl3cnfy/commons-logging-1.1.1.jar
7f6a2d6bc000-7f6a2d6c1000 r--s 00028000 08:02 21628587                   /home/abdulrahman/.gradle/caches/jars-2/62lv0fe9b3xbqe57f6ljy5upwi7mf6k/httpcore-4.1.jar
7f6a2d6c1000-7f6a2d6c5000 r--s 0002f000 08:02 21497968                   /home/abdulrahman/.gradle/caches/jars-2/gsg5n52frsvw6sx0swqqe2hwijwdcf0/jimfs-1.1.jar
7f6a2d6c5000-7f6a2d6c6000 r--s 00004000 08:02 21497966                   /home/abdulrahman/.gradle/caches/jars-2/lxs252id0979odjrerlctkb26c2vj95/annotations-12.0.jar
7f6a2d6c6000-7f6a2d6c7000 r--s 00004000 08:02 21497964                   /home/abdulrahman/.gradle/caches/jars-2/9kn99dr0rulyl67sct1ephwcop56l61/asm-analysis-5.0.4.jar
7f6a2d6c7000-7f6a2d6cb000 r--s 00040000 08:02 21497962                   /home/abdulrahman/.gradle/caches/jars-2/ccvn7yglm4blceovs70fngoac1eyn4f/lint-api-25.3.3.jar
7f6a2d6cb000-7f6a2d6cc000 r--s 0000a000 08:02 21497960                   /home/abdulrahman/.gradle/caches/jars-2/nwyg9io65lv6jvmwit2wq82xnnxd7ia/kxml2-2.3.0.jar
7f6a2d6cc000-7f6a2d6ce000 r--s 00005000 08:02 21497958                   /home/abdulrahman/.gradle/caches/jars-2/i6hc1uuj8e9ck59slmzdyz78ydn8sr6/httpmime-4.1.jar
7f6a2d6ce000-7f6a2d6d6000 r--s 0004e000 08:02 21497956                   /home/abdulrahman/.gradle/caches/jars-2/7503wa5irssz0xxahv1xb82p2dl7rr2/httpclient-4.1.1.jar
7f6a2d6d6000-7f6a2d6dd000 r--s 00053000 08:02 21367036                   /home/abdulrahman/.gradle/caches/jars-2/jgkfvs4eqggj7qsyw1f5d3up57hanj1/commons-compress-1.8.1.jar
7f6a2d6dd000-7f6a2d6e2000 r--s 0002a000 08:02 21367034                   /home/abdulrahman/.gradle/caches/jars-2/je8f027qcr1z1egw08byp1ybxbp9kko/gson-2.2.4.jar
7f6a2d6e2000-7f6a2d6e7000 r--s 0002e000 08:02 21367032                   /home/abdulrahman/.gradle/caches/jars-2/s427p2wh0tfza0xa8qijgx107eeevyl/repository-25.3.3.jar
7f6a2d6e7000-7f6a2d6e9000 r--s 00006000 08:02 21367030                   /home/abdulrahman/.gradle/caches/jars-2/e2s952s6co8tps89l80r4riixwqo2oe/dvlib-25.3.3.jar
7f6a2d6e9000-7f6a2d6eb000 r--s 00013000 08:02 21367028                   /home/abdulrahman/.gradle/caches/jars-2/s02k517nvrh8cbp2c8dz4slqska6dj9/layoutlib-api-25.3.3.jar
7f6a2d6eb000-7f6a2d6f0000 r--s 00058000 08:02 21367026                   /home/abdulrahman/.gradle/caches/jars-2/st159835qgxm0l87oqrnhayxos4lc1n/asm-debug-all-5.0.1.jar
7f6a2d6f0000-7f6a2d700000 r--s 000d5000 08:02 21367024                   /home/abdulrahman/.gradle/caches/jars-2/qzf32gp9kej4w4hlbabft6tplu74cj3/proguard-base-5.3.2.jar
7f6a2d700000-7f6a2d703000 r--s 00033000 08:02 21367022                   /home/abdulrahman/.gradle/caches/jars-2/nz9sndmr8b4xbj4xulkaciy5kdbyfiz/juniversalchardet-1.0.3.jar
7f6a2d703000-7f6a2d707000 r--s 0002a000 08:02 21237527                   /home/abdulrahman/.gradle/caches/jars-2/krbpn9xjn1qymukyx8cc5l799ty1v3h/commons-io-2.4.jar
7f6a2d707000-7f6a2d71e000 r--s 00154000 08:02 21237525                   /home/abdulrahman/.gradle/caches/jars-2/sfeivjswzitn6n0fnjx3ueszz8gv8o1/antlr4-4.5.3.jar
7f6a2d71e000-7f6a2d720000 r--s 00002000 08:02 21237523                   /home/abdulrahman/.gradle/caches/jars-2/rh2ip1x2zziz26tr3qzudtz088pqsb2/baseLibrary-2.3.3.jar
7f6a2d720000-7f6a2d74b000 r--s 001fc000 08:02 21237521                   /home/abdulrahman/.gradle/caches/jars-2/nxjrjftly2xksl8o0wqgivu5netfu2x/guava-18.0.jar
7f6a2d74b000-7f6a2d75e000 r--s 00241000 08:02 21237519                   /home/abdulrahman/.gradle/caches/jars-2/9yuekvg4qerfitq3xec0iyckuw3hwaq/ecj-4.6.1.jar
7f6a2d75e000-7f6a2d765000 r--s 000d9000 08:02 21237517                   /home/abdulrahman/.gradle/caches/jars-2/ak89aa8liqmr44u7r08njntn6oehe0z/lint-checks-25.3.3.jar
7f6a2d765000-7f6a2d767000 r--s 00006000 08:02 21237515                   /home/abdulrahman/.gradle/caches/jars-2/6phgj9ki3jl3p5epzkqoo8pr6kur40b/asm-tree-5.0.4.jar
7f6a2d767000-7f6a2d79a000 r--s 00203000 08:02 21237513                   /home/abdulrahman/.gradle/caches/jars-2/hj0bfvxu9cq7hkwmecvp0kg137or3hh/bcprov-jdk15on-1.48.jar
7f6a2d79a000-7f6a2d7a8000 r--s 00081000 08:02 21105799                   /home/abdulrahman/.gradle/caches/jars-2/4r7xli0tz94y0wfjrdyjxlxar3g1pb9/bcpkix-jdk15on-1.48.jar
7f6a2d7a8000-7f6a2d7aa000 r--s 00002000 08:02 21105797                   /home/abdulrahman/.gradle/caches/jars-2/f32bh5uivuf69ecz2j8hl96ksnqdh7v/javawriter-2.5.0.jar
7f6a2d7aa000-7f6a2d7ac000 r--s 00004000 08:02 21105795                   /home/abdulrahman/.gradle/caches/jars-2/j6s1upogkwo00sygdsekzj4fx0i75uy/tracker-25.3.3.jar
7f6a2d7ac000-7f6a2d7ad000 r--s 00005000 08:02 21105793                   /home/abdulrahman/.gradle/caches/jars-2/4svya0t1s9wyo35ycd3atidsaoo6w7e/shared-25.3.3.jar
7f6a2d7ad000-7f6a2d7bb000 r--s 00147000 08:02 21105791                   /home/abdulrahman/.gradle/caches/jars-2/qx6695c5ocd9swxv7wqtxor3plyb4b7/protos-25.3.3.jar
7f6a2d7bb000-7f6a2d7bc000 r--s 00001000 08:02 21105789                   /home/abdulrahman/.gradle/caches/jars-2/bqo69msswbvaagsh45hf1tq02v21sml/jill-api-0.10.0.jar
7f6a2d7bc000-7f6a2d7be000 r--s 00003000 08:02 21105787                   /home/abdulrahman/.gradle/caches/jars-2/7pldadygbci34ql8thws797g29k1uhh/jack-api-0.13.0.jar
7f6a2d7be000-7f6a2d7c4000 r--s 0004a000 08:02 21105785                   /home/abdulrahman/.gradle/caches/jars-2/euoqfzf5y1sibp9ul8mcz0wovj380eo/ddmlib-25.3.3.jar
7f6a2d7c4000-7f6a2d7c7000 r--s 00022000 08:02 20975276                   /home/abdulrahman/.gradle/caches/jars-2/a81bg2yxzmumashablwecaj0ksz6tmj/manifest-merger-25.3.3.jar
7f6a2d7c7000-7f6a2d7ca000 r--s 0001c000 08:02 20975274                   /home/abdulrahman/.gradle/caches/jars-2/l6cnyee1vojrkkbpp6qwgpf30shmrja/common-25.3.3.jar
7f6a2d7ca000-7f6a2d7d3000 r--s 00089000 08:02 20975272                   /home/abdulrahman/.gradle/caches/jars-2/m0t6h8af70sdgxvkj522jy01i14mnb8/sdk-common-25.3.3.jar
7f6a2d7d3000-7f6a2d7dd000 r--s 00098000 08:02 20975270                   /home/abdulrahman/.gradle/caches/jars-2/28c9ykhc782k8jmlrnbnccai34hziki/sdklib-25.3.3.jar
7f6a2d7dd000-7f6a2d7de000 r--s 00002000 08:02 20975268                   /home/abdulrahman/.gradle/caches/jars-2/4dod7a1p5hoai4v37pxbcg65bbahvg2/builder-test-api-2.3.3.jar
7f6a2d7de000-7f6a2d7e1000 r--s 00006000 08:02 20975266                   /home/abdulrahman/.gradle/caches/jars-2/omk02asobup8sgd6qxom3ej5bg94z2r/builder-model-2.3.3.jar
7f6a2d7e1000-7f6a2d7f0000 r--s 00130000 08:02 20975264                   /home/abdulrahman/.gradle/caches/jars-2/cr6zkqpx14lor9zdtmo49qpc7y8r8p4/protobuf-java-3.0.0.jar
7f6a2d7f0000-7f6a2d7f2000 r--s 0000f000 08:02 20975262                   /home/abdulrahman/.gradle/caches/jars-2/rvfyugrlu5tbpz51p98og0qsxamjq4k/jopt-simple-4.9.jar
7f6a2d7f2000-7f6a2d7f6000 r--s 0001f000 08:02 20843898                   /home/abdulrahman/.gradle/caches/jars-2/nq3fzqkrrm37ob61z4iu5qdbh368uat/org.jacoco.report-0.7.5.201505241946.jar
7f6a2d7f6000-7f6a2d7fa000 r--s 0001d000 08:02 20843896                   /home/abdulrahman/.gradle/caches/jars-2/3kxkmcckmk40ron92zhbm0qjo9l4bkl/org.jacoco.core-0.7.5.201505241946.jar
7f6a2d7fa000-7f6a2d7fc000 r--s 00002000 08:02 20843894                   /home/abdulrahman/.gradle/caches/jars-2/m4m0pzb4gmaeh0in5g2xc4bxeuwt828/proguard-gradle-5.3.2.jar
7f6a2d7fc000-7f6a2d7fe000 r--s 00009000 08:02 20843892                   /home/abdulrahman/.gradle/caches/jars-2/ajvcvdu66lc9e3tvvipxtuq48i9bbkc/asm-commons-5.0.4.jar
7f6a2d7fe000-7f6a2d800000 r--s 0000c000 08:02 20843890                   /home/abdulrahman/.gradle/caches/jars-2/1laz1ygmxoc408r7nwqs1q8uk8r236d/asm-5.0.4.jar
7f6a2d800000-7f6a2d805000 r--s 0002c000 08:02 20843888                   /home/abdulrahman/.gradle/caches/jars-2/3mlasgi8oo9o7oa12526198jui9zmp2/compilerCommon-2.3.3.jar
7f6a2d805000-7f6a2d806000 r--s 00002000 08:02 20843886                   /home/abdulrahman/.gradle/caches/jars-2/73l309uzm0ila7rdaaxteq0ng4ayf2y/gradle-api-2.3.3.jar
7f6a2d806000-7f6a2d807000 r--s 00000000 08:02 20843884                   /home/abdulrahman/.gradle/caches/jars-2/tlyajppf8woug00g686fx5mchf8iv3o/transform-api-2.0.0-deprecated-use-gradle-api.jar
7f6a2d807000-7f6a2d80c000 r--s 0005e000 08:02 20714069                   /home/abdulrahman/.gradle/caches/jars-2/k2xtosjt0in0zj7mpwvctw6iznt93uh/lint-25.3.3.jar
7f6a2d80c000-7f6a2d822000 r--s 00163000 08:02 20714067                   /home/abdulrahman/.gradle/caches/jars-2/nyg71b5n2lzymmwh5vbtmvjiby07k4g/builder-2.3.3.jar
7f6a2d822000-7f6a2d841000 r--s 001ca000 08:02 20714065                   /home/abdulrahman/.gradle/caches/jars-2/5fwyvjq1ai8mdh1mluqxidj1wo7rls8/gradle-core-2.3.3.jar
7f6a2d841000-7f6a2d843000 r--s 0000d000 08:02 20714063                   /home/abdulrahman/.gradle/caches/jars-2/mel54vauze7hczg2p6nebauqz8s53sj/gradle-2.3.3.jar
7f6a2d843000-7f6a2da43000 rw-p 00000000 00:00 0 
7f6a2da43000-7f6a2dc43000 rw-p 00000000 00:00 0 
7f6a2dc43000-7f6a2dc46000 ---p 00000000 00:00 0 
7f6a2dc46000-7f6a2dd44000 rw-p 00000000 00:00 0 
7f6a2dd44000-7f6a2dd47000 ---p 00000000 00:00 0 
7f6a2dd47000-7f6a2dd7d000 rw-p 00000000 00:00 0 
7f6a2dd7d000-7f6a2dd7e000 r--p 00000000 00:00 0 
7f6a2dd7e000-7f6a2df7e000 rw-p 00000000 00:00 0 
7f6a2df7e000-7f6a2e17e000 rw-p 00000000 00:00 0 
7f6a2e17e000-7f6a2e37e000 rw-p 00000000 00:00 0 
7f6a2e37e000-7f6a2e57e000 rw-p 00000000 00:00 0 
7f6a2e57e000-7f6a2e5f7000 r--s 010ed000 08:02 16779523                   /home/abdulrahman/local/android-studio/jre/lib/tools.jar
7f6a2e5f7000-7f6a2e7f7000 rw-p 00000000 00:00 0 
7f6a2e7f7000-7f6a2e7fa000 ---p 00000000 00:00 0 
7f6a2e7fa000-7f6a2e8f8000 rw-p 00000000 00:00 0 
7f6a2e8f8000-7f6a2e8fb000 ---p 00000000 00:00 0 
7f6a2e8fb000-7f6a2e9f9000 rw-p 00000000 00:00 0 
7f6a2e9f9000-7f6a2e9fc000 ---p 00000000 00:00 0 
7f6a2e9fc000-7f6a2eafa000 rw-p 00000000 00:00 0 
7f6a2eafa000-7f6a2eafd000 ---p 00000000 00:00 0 
7f6a2eafd000-7f6a2ebfb000 rw-p 00000000 00:00 0 
7f6a2ebfb000-7f6a2ebfe000 ---p 00000000 00:00 0 
7f6a2ebfe000-7f6a2eefc000 rw-p 00000000 00:00 0 
7f6a2eefc000-7f6a2eeff000 ---p 00000000 00:00 0 
7f6a2eeff000-7f6a2effd000 rw-p 00000000 00:00 0 
7f6a2effd000-7f6a2f000000 ---p 00000000 00:00 0 
7f6a2f000000-7f6a2f0fe000 rw-p 00000000 00:00 0 
7f6a2f0fe000-7f6a2f105000 r--s 00000000 08:02 11017094                   /usr/lib/x86_64-linux-gnu/gconv/gconv-modules.cache
7f6a2f105000-7f6a2f305000 rw-p 00000000 00:00 0 
7f6a2f305000-7f6a2f308000 ---p 00000000 00:00 0 
7f6a2f308000-7f6a2f406000 rw-p 00000000 00:00 0 
7f6a2f406000-7f6a2f40f000 r-xp 00000000 08:02 16779659                   /home/abdulrahman/local/android-studio/jre/jre/lib/amd64/libmanagement.so
7f6a2f40f000-7f6a2f60e000 ---p 00009000 08:02 16779659                   /home/abdulrahman/local/android-studio/jre/jre/lib/amd64/libmanagement.so
7f6a2f60e000-7f6a2f60f000 r--p 00008000 08:02 16779659                   /home/abdulrahman/local/android-studio/jre/jre/lib/amd64/libmanagement.so
7f6a2f60f000-7f6a2f610000 rw-p 00009000 08:02 16779659                   /home/abdulrahman/local/android-studio/jre/jre/lib/amd64/libmanagement.so
7f6a2f610000-7f6a2f615000 r--s 00098000 08:02 16779633                   /home/abdulrahman/local/android-studio/jre/jre/lib/jsse.jar
7f6a2f615000-7f6a2f617000 r--s 00007000 08:02 20188178                   /home/abdulrahman/.gradle/wrapper/dists/gradle-3.3-all/55gk2rcmfc6p2dg9u9ohc3hw9/gradle-3.3/lib/plugins/gradle-tooling-api-builders-3.3.jar
7f6a2f617000-7f6a2f61a000 r--s 00009000 08:02 20188171                   /home/abdulrahman/.gradle/wrapper/dists/gradle-3.3-all/55gk2rcmfc6p2dg9u9ohc3hw9/gradle-3.3/lib/plugins/gradle-testing-native-3.3.jar
7f6a2f61a000-7f6a2f620000 r--s 00033000 08:02 20188246                   /home/abdulrahman/.gradle/wrapper/dists/gradle-3.3-all/55gk2rcmfc6p2dg9u9ohc3hw9/gradle-3.3/lib/plugins/snakeyaml-1.6.jar
7f6a2f620000-7f6a2f622000 r--s 00006000 08:02 20188245                   /home/abdulrahman/.gradle/wrapper/dists/gradle-3.3-all/55gk2rcmfc6p2dg9u9ohc3hw9/gradle-3.3/lib/plugins/jcommander-1.12.jar
7f6a2f622000-7f6a2f627000 r--s 00040000 08:02 20188244                   /home/abdulrahman/.gradle/wrapper/dists/gradle-3.3-all/55gk2rcmfc6p2dg9u9ohc3hw9/gradle-3.3/lib/plugins/bsh-2.0b4.jar
7f6a2f627000-7f6a2f629000 r--s 00009000 08:02 20188252                   /home/abdulrahman/.gradle/wrapper/dists/gradle-3.3-all/55gk2rcmfc6p2dg9u9ohc3hw9/gradle-3.3/lib/plugins/hamcrest-core-1.3.jar
7f6a2f629000-7f6a2f632000 r--s 00089000 08:02 20188203                   /home/abdulrahman/.gradle/wrapper/dists/gradle-3.3-all/55gk2rcmfc6p2dg9u9ohc3hw9/gradle-3.3/lib/plugins/testng-6.3.1.jar
7f6a2f632000-7f6a2f63a000 r--s 00045000 08:02 20188202                   /home/abdulrahman/.gradle/wrapper/dists/gradle-3.3-all/55gk2rcmfc6p2dg9u9ohc3hw9/gradle-3.3/lib/plugins/junit-4.12.jar
7f6a2f63a000-7f6a2f640000 r--s 0002e000 08:02 20188172                   /home/abdulrahman/.gradle/wrapper/dists/gradle-3.3-all/55gk2rcmfc6p2dg9u9ohc3hw9/gradle-3.3/lib/plugins/gradle-testing-jvm-3.3.jar
7f6a2f640000-7f6a2f644000 r--s 00016000 08:02 20188170                   /home/abdulrahman/.gradle/wrapper/dists/gradle-3.3-all/55gk2rcmfc6p2dg9u9ohc3hw9/gradle-3.3/lib/plugins/gradle-testing-base-3.3.jar
7f6a2f644000-7f6a2f64b000 r--s 00038000 08:02 20188197                   /home/abdulrahman/.gradle/wrapper/dists/gradle-3.3-all/55gk2rcmfc6p2dg9u9ohc3hw9/gradle-3.3/lib/plugins/bcpg-jdk15on-1.51.jar
7f6a2f64b000-7f6a2f64d000 r--s 0000c000 08:02 20188149                   /home/abdulrahman/.gradle/wrapper/dists/gradle-3.3-all/55gk2rcmfc6p2dg9u9ohc3hw9/gradle-3.3/lib/plugins/gradle-signing-3.3.jar
7f6a2f64d000-7f6a2f64f000 r--s 00007000 08:02 20188148                   /home/abdulrahman/.gradle/wrapper/dists/gradle-3.3-all/55gk2rcmfc6p2dg9u9ohc3hw9/gradle-3.3/lib/plugins/gradle-scala-3.3.jar
7f6a2f64f000-7f6a2f650000 r--s 00004000 08:02 20188176                   /home/abdulrahman/.gradle/wrapper/dists/gradle-3.3-all/55gk2rcmfc6p2dg9u9ohc3hw9/gradle-3.3/lib/plugins/gradle-resources-sftp-3.3.jar
7f6a2f650000-7f6a2f660000 r--s 00088000 08:02 20188213                   /home/abdulrahman/.gradle/wrapper/dists/gradle-3.3-all/55gk2rcmfc6p2dg9u9ohc3hw9/gradle-3.3/lib/plugins/joda-time-2.8.2.jar
7f6a2f660000-7f6a2f671000 r--s 0010d000 08:02 20188212                   /home/abdulrahman/.gradle/wrapper/dists/gradle-3.3-all/55gk2rcmfc6p2dg9u9ohc3hw9/gradle-3.3/lib/plugins/jackson-databind-2.6.6.jar
7f6a2f671000-7f6a2f674000 r--s 00009000 08:02 20188211                   /home/abdulrahman/.gradle/wrapper/dists/gradle-3.3-all/55gk2rcmfc6p2dg9u9ohc3hw9/gradle-3.3/lib/plugins/jackson-annotations-2.6.6.jar
7f6a2f674000-7f6a2f678000 r--s 0003c000 08:02 20188210                   /home/abdulrahman/.gradle/wrapper/dists/gradle-3.3-all/55gk2rcmfc6p2dg9u9ohc3hw9/gradle-3.3/lib/plugins/jackson-core-2.6.6.jar
7f6a2f678000-7f6a2f686000 r--s 00087000 08:02 20188209                   /home/abdulrahman/.gradle/wrapper/dists/gradle-3.3-all/55gk2rcmfc6p2dg9u9ohc3hw9/gradle-3.3/lib/plugins/aws-java-sdk-core-1.11.6.jar
7f6a2f686000-7f6a2f68d000 r--s 00057000 08:02 20188208                   /home/abdulrahman/.gradle/wrapper/dists/gradle-3.3-all/55gk2rcmfc6p2dg9u9ohc3hw9/gradle-3.3/lib/plugins/aws-java-sdk-kms-1.11.6.jar
7f6a2f68d000-7f6a2f69a000 r--s 0008e000 08:02 20188207                   /home/abdulrahman/.gradle/wrapper/dists/gradle-3.3-all/55gk2rcmfc6p2dg9u9ohc3hw9/gradle-3.3/lib/plugins/aws-java-sdk-s3-1.11.6.jar
7f6a2f69a000-7f6a2f69c000 r--s 00004000 08:02 20188177                   /home/abdulrahman/.gradle/wrapper/dists/gradle-3.3-all/55gk2rcmfc6p2dg9u9ohc3hw9/gradle-3.3/lib/plugins/gradle-resources-s3-3.3.jar
7f6a2f69c000-7f6a2f69e000 r--s 00005000 08:02 20188201                   /home/abdulrahman/.gradle/wrapper/dists/gradle-3.3-all/55gk2rcmfc6p2dg9u9ohc3hw9/gradle-3.3/lib/plugins/jatl-0.2.2.jar
7f6a2f69e000-7f6a2f6a0000 r--s 0000f000 08:02 20188154                   /home/abdulrahman/.gradle/wrapper/dists/gradle-3.3-all/55gk2rcmfc6p2dg9u9ohc3hw9/gradle-3.3/lib/plugins/gradle-reporting-3.3.jar
7f6a2f6a0000-7f6a2f6a2000 r--s 00002000 08:02 20188155                   /home/abdulrahman/.gradle/wrapper/dists/gradle-3.3-all/55gk2rcmfc6p2dg9u9ohc3hw9/gradle-3.3/lib/plugins/gradle-publish-3.3.jar
7f6a2f6a2000-7f6a2f6a4000 r--s 00009000 08:02 20188184                   /home/abdulrahman/.gradle/wrapper/dists/gradle-3.3-all/55gk2rcmfc6p2dg9u9ohc3hw9/gradle-3.3/lib/plugins/commons-cli-1.2.jar
7f6a2f6a4000-7f6a2f6aa000 r--s 00031000 08:02 20188140                   /home/abdulrahman/.gradle/wrapper/dists/gradle-3.3-all/55gk2rcmfc6p2dg9u9ohc3hw9/gradle-3.3/lib/plugins/gradle-plugins-3.3.jar
7f6a2f6aa000-7f6a2f6ac000 r--s 00009000 08:02 20188173                   /home/abdulrahman/.gradle/wrapper/dists/gradle-3.3-all/55gk2rcmfc6p2dg9u9ohc3hw9/gradle-3.3/lib/plugins/gradle-plugin-development-3.3.jar
7f6a2f6ac000-7f6a2f6b2000 r--s 0002b000 08:02 20188166                   /home/abdulrahman/.gradle/wrapper/dists/gradle-3.3-all/55gk2rcmfc6p2dg9u9ohc3hw9/gradle-3.3/lib/plugins/gradle-platform-play-3.3.jar
7f6a2f6b2000-7f6a2f6c0000 r--s 00055000 08:02 20188165                   /home/abdulrahman/.gradle/wrapper/dists/gradle-3.3-all/55gk2rcmfc6p2dg9u9ohc3hw9/gradle-3.3/lib/plugins/gradle-platform-native-3.3.jar
7f6a2f6c0000-7f6a2f6c5000 r--s 0001f000 08:02 20188160                   /home/abdulrahman/.gradle/wrapper/dists/gradle-3.3-all/55gk2rcmfc6p2dg9u9ohc3hw9/gradle-3.3/lib/plugins/gradle-platform-jvm-3.3.jar
7f6a2f6c5000-7f6a2f6cd000 r--s 00027000 08:02 20188159                   /home/abdulrahman/.gradle/wrapper/dists/gradle-3.3-all/55gk2rcmfc6p2dg9u9ohc3hw9/gradle-3.3/lib/plugins/gradle-platform-base-3.3.jar
7f6a2f6cd000-7f6a2f6f5000 r--s 0021c000 08:02 20188192                   /home/abdulrahman/.gradle/wrapper/dists/gradle-3.3-all/55gk2rcmfc6p2dg9u9ohc3hw9/gradle-3.3/lib/plugins/biz.aQute.bndlib-3.2.0.jar
7f6a2f6f5000-7f6a2f6f7000 r--s 00003000 08:02 20188144                   /home/abdulrahman/.gradle/wrapper/dists/gradle-3.3-all/55gk2rcmfc6p2dg9u9ohc3hw9/gradle-3.3/lib/plugins/gradle-osgi-3.3.jar
7f6a2f6f7000-7f6a2f6fa000 r--s 0000c000 08:02 20188195                   /home/abdulrahman/.gradle/wrapper/dists/gradle-3.3-all/55gk2rcmfc6p2dg9u9ohc3hw9/gradle-3.3/lib/plugins/pmaven-groovy-0.8-20100325.jar
7f6a2f6fa000-7f6a2f6fb000 r--s 00004000 08:02 20188194                   /home/abdulrahman/.gradle/wrapper/dists/gradle-3.3-all/55gk2rcmfc6p2dg9u9ohc3hw9/gradle-3.3/lib/plugins/pmaven-common-0.8-20100325.jar
7f6a2f6fb000-7f6a2f701000 r--s 00023000 08:02 20188145                   /home/abdulrahman/.gradle/wrapper/dists/gradle-3.3-all/55gk2rcmfc6p2dg9u9ohc3hw9/gradle-3.3/lib/plugins/gradle-maven-3.3.jar
7f6a2f701000-7f6a2f704000 r--s 0000b000 08:02 20188164                   /home/abdulrahman/.gradle/wrapper/dists/gradle-3.3-all/55gk2rcmfc6p2dg9u9ohc3hw9/gradle-3.3/lib/plugins/gradle-language-scala-3.3.jar
7f6a2f704000-7f6a2f70a000 r--s 0001a000 08:02 20188168                   /home/abdulrahman/.gradle/wrapper/dists/gradle-3.3-all/55gk2rcmfc6p2dg9u9ohc3hw9/gradle-3.3/lib/plugins/gradle-language-native-3.3.jar
7f6a2f70a000-7f6a2f70d000 r--s 00005000 08:02 20188161                   /home/abdulrahman/.gradle/wrapper/dists/gradle-3.3-all/55gk2rcmfc6p2dg9u9ohc3hw9/gradle-3.3/lib/plugins/gradle-language-jvm-3.3.jar
7f6a2f70d000-7f6a2f713000 r--s 00027000 08:02 20188162                   /home/abdulrahman/.gradle/wrapper/dists/gradle-3.3-all/55gk2rcmfc6p2dg9u9ohc3hw9/gradle-3.3/lib/plugins/gradle-language-java-3.3.jar
7f6a2f713000-7f6a2f715000 r--s 0000a000 08:02 20188163                   /home/abdulrahman/.gradle/wrapper/dists/gradle-3.3-all/55gk2rcmfc6p2dg9u9ohc3hw9/gradle-3.3/lib/plugins/gradle-language-groovy-3.3.jar
7f6a2f715000-7f6a2f718000 r--s 0001e000 08:02 20188219                   /home/abdulrahman/.gradle/wrapper/dists/gradle-3.3-all/55gk2rcmfc6p2dg9u9ohc3hw9/gradle-3.3/lib/plugins/jsp-api-2.1-6.1.14.jar
7f6a2f718000-7f6a2f73b000 r--s 00344000 08:02 20188218                   /home/abdulrahman/.gradle/wrapper/dists/gradle-3.3-all/55gk2rcmfc6p2dg9u9ohc3hw9/gradle-3.3/lib/plugins/core-3.1.1.jar
7f6a2f73b000-7f6a2f73c000 r--s 00006000 08:02 20188217                   /home/abdulrahman/.gradle/wrapper/dists/gradle-3.3-all/55gk2rcmfc6p2dg9u9ohc3hw9/gradle-3.3/lib/plugins/jetty-naming-6.1.26.jar
7f6a2f73c000-7f6a2f73d000 r--s 00002000 08:02 20188191                   /home/abdulrahman/.gradle/wrapper/dists/gradle-3.3-all/55gk2rcmfc6p2dg9u9ohc3hw9/gradle-3.3/lib/plugins/geronimo-annotation_1.0_spec-1.0.jar
7f6a2f73d000-7f6a2f73f000 r--s 00002000 08:02 20188190                   /home/abdulrahman/.gradle/wrapper/dists/gradle-3.3-all/55gk2rcmfc6p2dg9u9ohc3hw9/gradle-3.3/lib/plugins/jetty-annotations-6.1.26.jar
7f6a2f73f000-7f6a2f750000 r--s 000ea000 08:02 20188189                   /home/abdulrahman/.gradle/wrapper/dists/gradle-3.3-all/55gk2rcmfc6p2dg9u9ohc3hw9/gradle-3.3/lib/plugins/jsp-2.1-6.1.14.jar
7f6a2f750000-7f6a2f752000 r--s 0000d000 08:02 20188188                   /home/abdulrahman/.gradle/wrapper/dists/gradle-3.3-all/55gk2rcmfc6p2dg9u9ohc3hw9/gradle-3.3/lib/plugins/jetty-plus-6.1.26.jar
7f6a2f752000-7f6a2f754000 r--s 0001f000 08:02 20188187                   /home/abdulrahman/.gradle/wrapper/dists/gradle-3.3-all/55gk2rcmfc6p2dg9u9ohc3hw9/gradle-3.3/lib/plugins/servlet-api-2.5-20081211.jar
7f6a2f754000-7f6a2f758000 r--s 00028000 08:02 20188186                   /home/abdulrahman/.gradle/wrapper/dists/gradle-3.3-all/55gk2rcmfc6p2dg9u9ohc3hw9/gradle-3.3/lib/plugins/jetty-util-6.1.26.jar
7f6a2f758000-7f6a2f75f000 r--s 0007d000 08:02 20188185                   /home/abdulrahman/.gradle/wrapper/dists/gradle-3.3-all/55gk2rcmfc6p2dg9u9ohc3hw9/gradle-3.3/lib/plugins/jetty-6.1.26.jar
7f6a2f75f000-7f6a2f761000 r--s 0000a000 08:02 20188142                   /home/abdulrahman/.gradle/wrapper/dists/gradle-3.3-all/55gk2rcmfc6p2dg9u9ohc3hw9/gradle-3.3/lib/plugins/gradle-jetty-3.3.jar
7f6a2f761000-7f6a2f768000 r--s 00035000 08:02 20188200                   /home/abdulrahman/.gradle/wrapper/dists/gradle-3.3-all/55gk2rcmfc6p2dg9u9ohc3hw9/gradle-3.3/lib/plugins/simple-4.1.21.jar
7f6a2f768000-7f6a2f774000 r--s 00100000 08:02 20188198                   /home/abdulrahman/.gradle/wrapper/dists/gradle-3.3-all/55gk2rcmfc6p2dg9u9ohc3hw9/gradle-3.3/lib/plugins/rhino-1.7R3.jar
7f6a2f774000-7f6a2f778000 r--s 00012000 08:02 20188151                   /home/abdulrahman/.gradle/wrapper/dists/gradle-3.3-all/55gk2rcmfc6p2dg9u9ohc3hw9/gradle-3.3/lib/plugins/gradle-javascript-3.3.jar
7f6a2f778000-7f6a2f77a000 r--s 0000d000 08:02 20188157                   /home/abdulrahman/.gradle/wrapper/dists/gradle-3.3-all/55gk2rcmfc6p2dg9u9ohc3hw9/gradle-3.3/lib/plugins/gradle-jacoco-3.3.jar
7f6a2f77a000-7f6a2f77d000 r--s 0000e000 08:02 20188156                   /home/abdulrahman/.gradle/wrapper/dists/gradle-3.3-all/55gk2rcmfc6p2dg9u9ohc3hw9/gradle-3.3/lib/plugins/gradle-ivy-3.3.jar
7f6a2f77d000-7f6a2f77e000 r--s 00002000 08:02 20188167                   /home/abdulrahman/.gradle/wrapper/dists/gradle-3.3-all/55gk2rcmfc6p2dg9u9ohc3hw9/gradle-3.3/lib/plugins/gradle-ide-play-3.3.jar
7f6a2f77e000-7f6a2f781000 r--s 00013000 08:02 20188169                   /home/abdulrahman/.gradle/wrapper/dists/gradle-3.3-all/55gk2rcmfc6p2dg9u9ohc3hw9/gradle-3.3/lib/plugins/gradle-ide-native-3.3.jar
7f6a2f781000-7f6a2f78a000 r--s 00055000 08:02 20188146                   /home/abdulrahman/.gradle/wrapper/dists/gradle-3.3-all/55gk2rcmfc6p2dg9u9ohc3hw9/gradle-3.3/lib/plugins/gradle-ide-3.3.jar
7f6a2f78a000-7f6a2f78c000 r--s 00007000 08:02 20188150                   /home/abdulrahman/.gradle/wrapper/dists/gradle-3.3-all/55gk2rcmfc6p2dg9u9ohc3hw9/gradle-3.3/lib/plugins/gradle-ear-3.3.jar
7f6a2f78c000-7f6a2f792000 r--s 00039000 08:02 20188153                   /home/abdulrahman/.gradle/wrapper/dists/gradle-3.3-all/55gk2rcmfc6p2dg9u9ohc3hw9/gradle-3.3/lib/plugins/gradle-diagnostics-3.3.jar
7f6a2f792000-7f6a2f793000 r--s 00009000 08:02 20188179                   /home/abdulrahman/.gradle/wrapper/dists/gradle-3.3-all/55gk2rcmfc6p2dg9u9ohc3hw9/gradle-3.3/lib/plugins/gradle-composite-builds-3.3.jar
7f6a2f793000-7f6a2f797000 r--s 00023000 08:02 20188141                   /home/abdulrahman/.gradle/wrapper/dists/gradle-3.3-all/55gk2rcmfc6p2dg9u9ohc3hw9/gradle-3.3/lib/plugins/gradle-code-quality-3.3.jar
7f6a2f797000-7f6a2f79b000 r--s 00022000 08:02 20188158                   /home/abdulrahman/.gradle/wrapper/dists/gradle-3.3-all/55gk2rcmfc6p2dg9u9ohc3hw9/gradle-3.3/lib/plugins/gradle-build-init-3.3.jar
7f6a2f79b000-7f6a2f7a1000 r--s 0008e000 08:02 20188152                   /home/abdulrahman/.gradle/wrapper/dists/gradle-3.3-all/55gk2rcmfc6p2dg9u9ohc3hw9/gradle-3.3/lib/plugins/gradle-build-comparison-3.3.jar
7f6a2f7a1000-7f6a2f7a2000 r--s 00001000 08:02 20188180                   /home/abdulrahman/.gradle/wrapper/dists/gradle-3.3-all/55gk2rcmfc6p2dg9u9ohc3hw9/gradle-3.3/lib/plugins/gradle-build-cache-http-3.3.jar
7f6a2f7a2000-7f6a2f7a4000 r--s 00008000 08:02 20188143                   /home/abdulrahman/.gradle/wrapper/dists/gradle-3.3-all/55gk2rcmfc6p2dg9u9ohc3hw9/gradle-3.3/lib/plugins/gradle-antlr-3.3.jar
7f6a2f7a4000-7f6a2f7a6000 r--s 00004000 08:02 20188147                   /home/abdulrahman/.gradle/wrapper/dists/gradle-3.3-all/55gk2rcmfc6p2dg9u9ohc3hw9/gradle-3.3/lib/plugins/gradle-announce-3.3.jar
7f6a2f7a6000-7f6a2f7be000 r--s 00115000 08:02 20188249                   /home/abdulrahman/.gradle/wrapper/dists/gradle-3.3-all/55gk2rcmfc6p2dg9u9ohc3hw9/gradle-3.3/lib/plugins/xercesImpl-2.9.1.jar
7f6a2f7be000-7f6a2f7c6000 r--s 00028000 08:02 20188250                   /home/abdulrahman/.gradle/wrapper/dists/gradle-3.3-all/55gk2rcmfc6p2dg9u9ohc3hw9/gradle-3.3/lib/plugins/xml-apis-1.3.04.jar
7f6a2f7c6000-7f6a2f7cc000 r--s 0005b000 08:02 20188248                   /home/abdulrahman/.gradle/wrapper/dists/gradle-3.3-all/55gk2rcmfc6p2dg9u9ohc3hw9/gradle-3.3/lib/plugins/jcifs-1.3.17.jar
7f6a2f7cc000-7f6a2f7d2000 r--s 00033000 08:02 20188196                   /home/abdulrahman/.gradle/wrapper/dists/gradle-3.3-all/55gk2rcmfc6p2dg9u9ohc3hw9/gradle-3.3/lib/plugins/commons-codec-1.6.jar
7f6a2f7d2000-7f6a2f7d9000 r--s 00049000 08:02 20188247                   /home/abdulrahman/.gradle/wrapper/dists/gradle-3.3-all/55gk2rcmfc6p2dg9u9ohc3hw9/gradle-3.3/lib/plugins/httpcore-4.4.4.jar
7f6a2f7d9000-7f6a2f7dc000 r--s 0001c000 08:02 20188205                   /home/abdulrahman/.gradle/wrapper/dists/gradle-3.3-all/55gk2rcmfc6p2dg9u9ohc3hw9/gradle-3.3/lib/plugins/nekohtml-1.9.14.jar
7f6a2f7dc000-7f6a2f7e9000 r--s 000a4000 08:02 20188204                   /home/abdulrahman/.gradle/wrapper/dists/gradle-3.3-all/55gk2rcmfc6p2dg9u9ohc3hw9/gradle-3.3/lib/plugins/httpclient-4.4.1.jar
7f6a2f7e9000-7f6a2f7ec000 r--s 0000a000 08:02 20188175                   /home/abdulrahman/.gradle/wrapper/dists/gradle-3.3-all/55gk2rcmfc6p2dg9u9ohc3hw9/gradle-3.3/lib/plugins/gradle-resources-http-3.3.jar
7f6a2f7ec000-7f6a2f7f0000 r--s 00015000 08:02 20188174                   /home/abdulrahman/.gradle/wrapper/dists/gradle-3.3-all/55gk2rcmfc6p2dg9u9ohc3hw9/gradle-3.3/lib/plugins/gradle-plugin-use-3.3.jar
7f6a2f7f0000-7f6a2f7f1000 r--s 00000000 08:02 20188086                   /home/abdulrahman/.gradle/wrapper/dists/gradle-3.3-all/55gk2rcmfc6p2dg9u9ohc3hw9/gradle-3.3/lib/gradle-installation-beacon-3.3.jar
7f6a2f7f1000-7f6a2f7f3000 r--s 00006000 08:02 20188243                   /home/abdulrahman/.gradle/wrapper/dists/gradle-3.3-all/55gk2rcmfc6p2dg9u9ohc3hw9/gradle-3.3/lib/plugins/aether-connector-wagon-1.13.1.jar
7f6a2f7f3000-7f6a2f7f7000 r--s 0001c000 08:02 20188242                   /home/abdulrahman/.gradle/wrapper/dists/gradle-3.3-all/55gk2rcmfc6p2dg9u9ohc3hw9/gradle-3.3/lib/plugins/aether-util-1.13.1.jar
7f6a2f7f7000-7f6a2f7f8000 r--s 00003000 08:02 20188241                   /home/abdulrahman/.gradle/wrapper/dists/gradle-3.3-all/55gk2rcmfc6p2dg9u9ohc3hw9/gradle-3.3/lib/plugins/aether-spi-1.13.1.jar
7f6a2f7f8000-7f6a2f7fb000 r--s 0001d000 08:02 20188240                   /home/abdulrahman/.gradle/wrapper/dists/gradle-3.3-all/55gk2rcmfc6p2dg9u9ohc3hw9/gradle-3.3/lib/plugins/aether-impl-1.13.1.jar
7f6a2f7fb000-7f6a2f7fe000 r--s 00013000 08:02 20188239                   /home/abdulrahman/.gradle/wrapper/dists/gradle-3.3-all/55gk2rcmfc6p2dg9u9ohc3hw9/gradle-3.3/lib/plugins/aether-api-1.13.1.jar
7f6a2f7fe000-7f6a2f7ff000 r--s 00007000 08:02 20188238                   /home/abdulrahman/.gradle/wrapper/dists/gradle-3.3-all/55gk2rcmfc6p2dg9u9ohc3hw9/gradle-3.3/lib/plugins/wagon-http-shared4-2.4.jar
7f6a2f7ff000-7f6a2f801000 r--s 0000b000 08:02 20188237                   /home/abdulrahman/.gradle/wrapper/dists/gradle-3.3-all/55gk2rcmfc6p2dg9u9ohc3hw9/gradle-3.3/lib/plugins/wagon-provider-api-2.4.jar
7f6a2f801000-7f6a2f802000 r--s 00002000 08:02 20188236                   /home/abdulrahman/.gradle/wrapper/dists/gradle-3.3-all/55gk2rcmfc6p2dg9u9ohc3hw9/gradle-3.3/lib/plugins/wagon-http-2.4.jar
7f6a2f802000-7f6a2f803000 r--s 00002000 08:02 20188235                   /home/abdulrahman/.gradle/wrapper/dists/gradle-3.3-all/55gk2rcmfc6p2dg9u9ohc3hw9/gradle-3.3/lib/plugins/wagon-file-2.4.jar
7f6a2f803000-7f6a2f805000 r--s 0000c000 08:02 20188234                   /home/abdulrahman/.gradle/wrapper/dists/gradle-3.3-all/55gk2rcmfc6p2dg9u9ohc3hw9/gradle-3.3/lib/plugins/maven-aether-provider-3.0.4.jar
7f6a2f805000-7f6a2f807000 r--s 0000b000 08:02 20188233                   /home/abdulrahman/.gradle/wrapper/dists/gradle-3.3-all/55gk2rcmfc6p2dg9u9ohc3hw9/gradle-3.3/lib/plugins/maven-plugin-api-3.0.4.jar
7f6a2f807000-7f6a2f809000 r--s 00006000 08:02 20188232                   /home/abdulrahman/.gradle/wrapper/dists/gradle-3.3-all/55gk2rcmfc6p2dg9u9ohc3hw9/gradle-3.3/lib/plugins/maven-repository-metadata-3.0.4.jar
7f6a2f809000-7f6a2f80b000 r--s 0000b000 08:02 20188231                   /home/abdulrahman/.gradle/wrapper/dists/gradle-3.3-all/55gk2rcmfc6p2dg9u9ohc3hw9/gradle-3.3/lib/plugins/maven-artifact-3.0.4.jar
7f6a2f80b000-7f6a2f80d000 r--s 00026000 08:02 20188230                   /home/abdulrahman/.gradle/wrapper/dists/gradle-3.3-all/55gk2rcmfc6p2dg9u9ohc3hw9/gradle-3.3/lib/plugins/maven-model-3.0.4.jar
7f6a2f80d000-7f6a2f811000 r--s 00021000 08:02 20188229                   /home/abdulrahman/.gradle/wrapper/dists/gradle-3.3-all/55gk2rcmfc6p2dg9u9ohc3hw9/gradle-3.3/lib/plugins/maven-model-builder-3.0.4.jar
7f6a2f811000-7f6a2f817000 r--s 0003f000 08:02 20188228                   /home/abdulrahman/.gradle/wrapper/dists/gradle-3.3-all/55gk2rcmfc6p2dg9u9ohc3hw9/gradle-3.3/lib/plugins/maven-compat-3.0.4.jar
7f6a2f817000-7f6a2f818000 r--s 00006000 08:02 20188227                   /home/abdulrahman/.gradle/wrapper/dists/gradle-3.3-all/55gk2rcmfc6p2dg9u9ohc3hw9/gradle-3.3/lib/plugins/plexus-sec-dispatcher-1.3.jar
7f6a2f818000-7f6a2f81a000 r--s 00002000 08:02 20188226                   /home/abdulrahman/.gradle/wrapper/dists/gradle-3.3-all/55gk2rcmfc6p2dg9u9ohc3hw9/gradle-3.3/lib/plugins/plexus-cipher-1.7.jar
7f6a2f81a000-7f6a2f81c000 r--s 0000a000 08:02 20188225                   /home/abdulrahman/.gradle/wrapper/dists/gradle-3.3-all/55gk2rcmfc6p2dg9u9ohc3hw9/gradle-3.3/lib/plugins/plexus-classworlds-2.4.jar
7f6a2f81c000-7f6a2f85c000 r--s 00277000 08:02 20188216                   /home/abdulrahman/.gradle/wrapper/dists/gradle-3.3-all/55gk2rcmfc6p2dg9u9ohc3hw9/gradle-3.3/lib/plugins/bcprov-jdk15on-1.51.jar
7f6a2f85c000-7f6a2f872000 r-xp 00000000 08:02 2232835                    /lib/x86_64-linux-gnu/libgcc_s.so.1
7f6a2f872000-7f6a2fa71000 ---p 00016000 08:02 2232835                    /lib/x86_64-linux-gnu/libgcc_s.so.1
7f6a2fa71000-7f6a2fa72000 r--p 00015000 08:02 2232835                    /lib/x86_64-linux-gnu/libgcc_s.so.1
7f6a2fa72000-7f6a2fa73000 rw-p 00016000 08:02 2232835                    /lib/x86_64-linux-gnu/libgcc_s.so.1
7f6a2fa73000-7f6a2fbec000 r-xp 00000000 08:02 10626468                   /usr/lib/x86_64-linux-gnu/libstdc++.so.6.0.22
7f6a2fbec000-7f6a2fdeb000 ---p 00179000 08:02 10626468                   /usr/lib/x86_64-linux-gnu/libstdc++.so.6.0.22
7f6a2fdeb000-7f6a2fdf5000 r--p 00178000 08:02 10626468                   /usr/lib/x86_64-linux-gnu/libstdc++.so.6.0.22
7f6a2fdf5000-7f6a2fdf7000 rw-p 00182000 08:02 10626468                   /usr/lib/x86_64-linux-gnu/libstdc++.so.6.0.22
7f6a2fdf7000-7f6a2fdfb000 rw-p 00000000 00:00 0 
7f6a2fdfb000-7f6a2fe00000 r-xp 00000000 08:02 16913463                   /home/abdulrahman/.gradle/native/23/linux-amd64/libnative-platform.so
7f6a2fe00000-7f6a2ffff000 ---p 00005000 08:02 16913463                   /home/abdulrahman/.gradle/native/23/linux-amd64/libnative-platform.so
7f6a2ffff000-7f6a30000000 rw-p 00004000 08:02 16913463                   /home/abdulrahman/.gradle/native/23/linux-amd64/libnative-platform.so
7f6a30000000-7f6a3008e000 rw-p 00000000 00:00 0 
7f6a3008e000-7f6a34000000 ---p 00000000 00:00 0 
7f6a34000000-7f6a341c0000 rw-p 00000000 00:00 0 
7f6a341c0000-7f6a38000000 ---p 00000000 00:00 0 
7f6a38000000-7f6a3bdd5000 rw-p 00000000 00:00 0 
7f6a3bdd5000-7f6a3c000000 ---p 00000000 00:00 0 
7f6a3c000000-7f6a3d629000 rw-p 00000000 00:00 0 
7f6a3d629000-7f6a40000000 ---p 00000000 00:00 0 
7f6a40000000-7f6a4018f000 rw-p 00000000 00:00 0 
7f6a4018f000-7f6a44000000 ---p 00000000 00:00 0 
7f6a44000000-7f6a44090000 rw-p 00000000 00:00 0 
7f6a44090000-7f6a48000000 ---p 00000000 00:00 0 
7f6a48000000-7f6a48c78000 rw-p 00000000 00:00 0 
7f6a48c78000-7f6a4c000000 ---p 00000000 00:00 0 
7f6a4c000000-7f6a4c431000 rw-p 00000000 00:00 0 
7f6a4c431000-7f6a50000000 ---p 00000000 00:00 0 
7f6a50000000-7f6a50d89000 rw-p 00000000 00:00 0 
7f6a50d89000-7f6a54000000 ---p 00000000 00:00 0 
7f6a54000000-7f6a54007000 r--s 0002e000 08:02 20188224                   /home/abdulrahman/.gradle/wrapper/dists/gradle-3.3-all/55gk2rcmfc6p2dg9u9ohc3hw9/gradle-3.3/lib/plugins/plexus-container-default-1.5.5.jar
7f6a54007000-7f6a54009000 r--s 00000000 08:02 20188251                   /home/abdulrahman/.gradle/wrapper/dists/gradle-3.3-all/55gk2rcmfc6p2dg9u9ohc3hw9/gradle-3.3/lib/plugins/plexus-component-annotations-1.5.5.jar
7f6a54009000-7f6a5400b000 r--s 0000d000 08:02 20188223                   /home/abdulrahman/.gradle/wrapper/dists/gradle-3.3-all/55gk2rcmfc6p2dg9u9ohc3hw9/gradle-3.3/lib/plugins/plexus-interpolation-1.14.jar
7f6a5400b000-7f6a5400f000 r--s 00033000 08:02 20188222                   /home/abdulrahman/.gradle/wrapper/dists/gradle-3.3-all/55gk2rcmfc6p2dg9u9ohc3hw9/gradle-3.3/lib/plugins/plexus-utils-2.0.6.jar
7f6a5400f000-7f6a54012000 r--s 00008000 08:02 20188221                   /home/abdulrahman/.gradle/wrapper/dists/gradle-3.3-all/55gk2rcmfc6p2dg9u9ohc3hw9/gradle-3.3/lib/plugins/maven-settings-builder-3.0.4.jar
7f6a54012000-7f6a54014000 r--s 0000a000 08:02 20188220                   /home/abdulrahman/.gradle/wrapper/dists/gradle-3.3-all/55gk2rcmfc6p2dg9u9ohc3hw9/gradle-3.3/lib/plugins/maven-settings-3.0.4.jar
7f6a54014000-7f6a54019000 r--s 00040000 08:02 20188206                   /home/abdulrahman/.gradle/wrapper/dists/gradle-3.3-all/55gk2rcmfc6p2dg9u9ohc3hw9/gradle-3.3/lib/plugins/jsch-0.1.53.jar
7f6a54019000-7f6a5401d000 r--s 0001d000 08:02 20188215                   /home/abdulrahman/.gradle/wrapper/dists/gradle-3.3-all/55gk2rcmfc6p2dg9u9ohc3hw9/gradle-3.3/lib/plugins/xbean-reflect-3.4.jar
7f6a5401d000-7f6a54029000 r--s 0007d000 08:02 20188193                   /home/abdulrahman/.gradle/wrapper/dists/gradle-3.3-all/55gk2rcmfc6p2dg9u9ohc3hw9/gradle-3.3/lib/plugins/maven-core-3.0.4.jar
7f6a54029000-7f6a5402e000 r--s 00034000 08:02 20188199                   /home/abdulrahman/.gradle/wrapper/dists/gradle-3.3-all/55gk2rcmfc6p2dg9u9ohc3hw9/gradle-3.3/lib/plugins/gson-2.7.jar
7f6a5402e000-7f6a5403d000 r--s 000d9000 08:02 20188214                   /home/abdulrahman/.gradle/wrapper/dists/gradle-3.3-all/55gk2rcmfc6p2dg9u9ohc3hw9/gradle-3.3/lib/plugins/ivy-2.2.0.jar
7f6a5403d000-7f6a5405c000 r--s 000f6000 08:02 20188182                   /home/abdulrahman/.gradle/wrapper/dists/gradle-3.3-all/55gk2rcmfc6p2dg9u9ohc3hw9/gradle-3.3/lib/plugins/gradle-dependency-management-3.3.jar
7f6a5405c000-7f6a5405e000 r--s 00005000 08:02 20188181                   /home/abdulrahman/.gradle/wrapper/dists/gradle-3.3-all/55gk2rcmfc6p2dg9u9ohc3hw9/gradle-3.3/lib/plugins/gradle-workers-3.3.jar
7f6a5405e000-7f6a5406f000 r-xp 00000000 08:02 16779647                   /home/abdulrahman/local/android-studio/jre/jre/lib/amd64/libnio.so
7f6a5406f000-7f6a5426e000 ---p 00011000 08:02 16779647                   /home/abdulrahman/local/android-studio/jre/jre/lib/amd64/libnio.so
7f6a5426e000-7f6a5426f000 r--p 00010000 08:02 16779647                   /home/abdulrahman/local/android-studio/jre/jre/lib/amd64/libnio.so
7f6a5426f000-7f6a54270000 rw-p 00011000 08:02 16779647                   /home/abdulrahman/local/android-studio/jre/jre/lib/amd64/libnio.so
7f6a54270000-7f6a54287000 r-xp 00000000 08:02 16779645                   /home/abdulrahman/local/android-studio/jre/jre/lib/amd64/libnet.so
7f6a54287000-7f6a54486000 ---p 00017000 08:02 16779645                   /home/abdulrahman/local/android-studio/jre/jre/lib/amd64/libnet.so
7f6a54486000-7f6a54487000 r--p 00016000 08:02 16779645                   /home/abdulrahman/local/android-studio/jre/jre/lib/amd64/libnet.so
7f6a54487000-7f6a54488000 rw-p 00017000 08:02 16779645                   /home/abdulrahman/local/android-studio/jre/jre/lib/amd64/libnet.so
7f6a54488000-7f6a54489000 r--s 00006000 08:02 20188085                   /home/abdulrahman/.gradle/wrapper/dists/gradle-3.3-all/55gk2rcmfc6p2dg9u9ohc3hw9/gradle-3.3/lib/gradle-wrapper-3.3.jar
7f6a54489000-7f6a54496000 r--s 00041000 08:02 20188092                   /home/abdulrahman/.gradle/wrapper/dists/gradle-3.3-all/55gk2rcmfc6p2dg9u9ohc3hw9/gradle-3.3/lib/gradle-tooling-api-3.3.jar
7f6a54496000-7f6a54498000 r--s 00002000 08:02 20188112                   /home/abdulrahman/.gradle/wrapper/dists/gradle-3.3-all/55gk2rcmfc6p2dg9u9ohc3hw9/gradle-3.3/lib/gradle-open-api-3.3.jar
7f6a54498000-7f6a5449e000 r--s 00032000 08:02 20188114                   /home/abdulrahman/.gradle/wrapper/dists/gradle-3.3-all/55gk2rcmfc6p2dg9u9ohc3hw9/gradle-3.3/lib/jaxen-1.1.jar
7f6a5449e000-7f6a544a3000 r--s 00048000 08:02 20188113                   /home/abdulrahman/.gradle/wrapper/dists/gradle-3.3-all/55gk2rcmfc6p2dg9u9ohc3hw9/gradle-3.3/lib/dom4j-1.6.1.jar
7f6a544a3000-7f6a544ae000 r--s 00059000 08:02 20188091                   /home/abdulrahman/.gradle/wrapper/dists/gradle-3.3-all/55gk2rcmfc6p2dg9u9ohc3hw9/gradle-3.3/lib/gradle-ui-3.3.jar
7f6a544ae000-7f6a544b7000 r--s 0008c000 08:02 20188083                   /home/abdulrahman/.gradle/wrapper/dists/gradle-3.3-all/55gk2rcmfc6p2dg9u9ohc3hw9/gradle-3.3/lib/kotlin-stdlib-1.1-M02.jar
7f6a544b7000-7f6a544bd000 r--s 0002a000 08:02 20188082                   /home/abdulrahman/.gradle/wrapper/dists/gradle-3.3-all/55gk2rcmfc6p2dg9u9ohc3hw9/gradle-3.3/lib/kotlin-runtime-1.1-M02.jar
7f6a544bd000-7f6a544f1000 r--s 00256000 08:02 20188081                   /home/abdulrahman/.gradle/wrapper/dists/gradle-3.3-all/55gk2rcmfc6p2dg9u9ohc3hw9/gradle-3.3/lib/kotlin-reflect-1.1-M02.jar
7f6a544f1000-7f6a54687000 r--s 0157e000 08:02 20188080                   /home/abdulrahman/.gradle/wrapper/dists/gradle-3.3-all/55gk2rcmfc6p2dg9u9ohc3hw9/gradle-3.3/lib/kotlin-compiler-embeddable-1.1-M02.jar
7f6a54687000-7f6a5468f000 r--s 0004e000 08:02 20188079                   /home/abdulrahman/.gradle/wrapper/dists/gradle-3.3-all/55gk2rcmfc6p2dg9u9ohc3hw9/gradle-3.3/lib/gradle-script-kotlin-0.5.1.jar
7f6a5468f000-7f6a54692000 r--s 0000b000 08:02 20188110                   /home/abdulrahman/.gradle/wrapper/dists/gradle-3.3-all/55gk2rcmfc6p2dg9u9ohc3hw9/gradle-3.3/lib/gradle-resources-3.3.jar
7f6a54692000-7f6a54694000 r--s 00003000 08:02 20188119                   /home/abdulrahman/.gradle/wrapper/dists/gradle-3.3-all/55gk2rcmfc6p2dg9u9ohc3hw9/gradle-3.3/lib/jcl-over-slf4j-1.7.10.jar
7f6a54694000-7f6a54695000 r--s 00005000 08:02 20188118                   /home/abdulrahman/.gradle/wrapper/dists/gradle-3.3-all/55gk2rcmfc6p2dg9u9ohc3hw9/gradle-3.3/lib/log4j-over-slf4j-1.7.10.jar
7f6a54695000-7f6a54697000 r--s 00000000 08:02 20188117                   /home/abdulrahman/.gradle/wrapper/dists/gradle-3.3-all/55gk2rcmfc6p2dg9u9ohc3hw9/gradle-3.3/lib/jul-to-slf4j-1.7.10.jar
7f6a54697000-7f6a5469c000 r--s 0001e000 08:02 20188094                   /home/abdulrahman/.gradle/wrapper/dists/gradle-3.3-all/55gk2rcmfc6p2dg9u9ohc3hw9/gradle-3.3/lib/gradle-logging-3.3.jar
7f6a5469c000-7f6a5469e000 r--s 00007000 08:02 20188138                   /home/abdulrahman/.gradle/wrapper/dists/gradle-3.3-all/55gk2rcmfc6p2dg9u9ohc3hw9/gradle-3.3/lib/objenesis-1.2.jar
7f6a5469e000-7f6a546a0000 r--s 00000000 08:02 20188137                   /home/abdulrahman/.gradle/wrapper/dists/gradle-3.3-all/55gk2rcmfc6p2dg9u9ohc3hw9/gradle-3.3/lib/minlog-1.2.jar
7f6a546a0000-7f6a546a2000 r--s 0000f000 08:02 20188136                   /home/abdulrahman/.gradle/wrapper/dists/gradle-3.3-all/55gk2rcmfc6p2dg9u9ohc3hw9/gradle-3.3/lib/reflectasm-1.07-shaded.jar
7f6a546a2000-7f6a546a6000 r--s 00026000 08:02 20188121                   /home/abdulrahman/.gradle/wrapper/dists/gradle-3.3-all/55gk2rcmfc6p2dg9u9ohc3hw9/gradle-3.3/lib/kryo-2.20.jar
7f6a546a6000-7f6a546ac000 r--s 00027000 08:02 20188109                   /home/abdulrahman/.gradle/wrapper/dists/gradle-3.3-all/55gk2rcmfc6p2dg9u9ohc3hw9/gradle-3.3/lib/gradle-messaging-3.3.jar
7f6a546ac000-7f6a546ad000 r--s 00001000 08:02 20188135                   /home/abdulrahman/.gradle/wrapper/dists/gradle-3.3-all/55gk2rcmfc6p2dg9u9ohc3hw9/gradle-3.3/lib/native-platform-linux-i386-ncurses6-0.12.jar
7f6a546ad000-7f6a546ae000 r--s 00001000 08:02 20188134                   /home/abdulrahman/.gradle/wrapper/dists/gradle-3.3-all/55gk2rcmfc6p2dg9u9ohc3hw9/gradle-3.3/lib/native-platform-linux-i386-ncurses5-0.12.jar
7f6a546ae000-7f6a546af000 r--s 00001000 08:02 20188133                   /home/abdulrahman/.gradle/wrapper/dists/gradle-3.3-all/55gk2rcmfc6p2dg9u9ohc3hw9/gradle-3.3/lib/native-platform-linux-amd64-ncurses6-0.12.jar
7f6a546af000-7f6a5471f000 r--s 00641000 08:02 20188099                   /home/abdulrahman/.gradle/wrapper/dists/gradle-3.3-all/55gk2rcmfc6p2dg9u9ohc3hw9/gradle-3.3/lib/groovy-all-2.4.7.jar
7f6a5471f000-7f6a54720000 ---p 00000000 00:00 0 
7f6a54720000-7f6a54820000 rw-p 00000000 00:00 0 
7f6a54820000-7f6a54823000 ---p 00000000 00:00 0 
7f6a54823000-7f6a54921000 rw-p 00000000 00:00 0 
7f6a54921000-7f6a54924000 ---p 00000000 00:00 0 
7f6a54924000-7f6a54a22000 rw-p 00000000 00:00 0 
7f6a54a22000-7f6a54a25000 ---p 00000000 00:00 0 
7f6a54a25000-7f6a54b23000 rw-p 00000000 00:00 0 
7f6a54b23000-7f6a54b26000 ---p 00000000 00:00 0 
7f6a54b26000-7f6a54c24000 rw-p 00000000 00:00 0 
7f6a54c24000-7f6a54eff000 r--p 00000000 08:02 10618426                   /usr/lib/locale/locale-archive
7f6a54eff000-7f6a54f02000 ---p 00000000 00:00 0 
7f6a54f02000-7f6a58000000 rw-p 00000000 00:00 0 
7f6a58000000-7f6a58358000 rw-p 00000000 00:00 0 
7f6a58358000-7f6a5c000000 ---p 00000000 00:00 0 
7f6a5c000000-7f6a5c001000 r--s 00001000 08:02 20188132                   /home/abdulrahman/.gradle/wrapper/dists/gradle-3.3-all/55gk2rcmfc6p2dg9u9ohc3hw9/gradle-3.3/lib/native-platform-linux-amd64-ncurses5-0.12.jar
7f6a5c001000-7f6a5c002000 r--s 0000b000 08:02 20188131                   /home/abdulrahman/.gradle/wrapper/dists/gradle-3.3-all/55gk2rcmfc6p2dg9u9ohc3hw9/gradle-3.3/lib/native-platform-windows-i386-0.12.jar
7f6a5c002000-7f6a5c004000 r--s 0000b000 08:02 20188130                   /home/abdulrahman/.gradle/wrapper/dists/gradle-3.3-all/55gk2rcmfc6p2dg9u9ohc3hw9/gradle-3.3/lib/native-platform-windows-amd64-0.12.jar
7f6a5c004000-7f6a5c006000 r--s 00002000 08:02 20188129                   /home/abdulrahman/.gradle/wrapper/dists/gradle-3.3-all/55gk2rcmfc6p2dg9u9ohc3hw9/gradle-3.3/lib/native-platform-osx-i386-0.12.jar
7f6a5c006000-7f6a5c007000 r--s 00002000 08:02 20188128                   /home/abdulrahman/.gradle/wrapper/dists/gradle-3.3-all/55gk2rcmfc6p2dg9u9ohc3hw9/gradle-3.3/lib/native-platform-osx-amd64-0.12.jar
7f6a5c007000-7f6a5c008000 r--s 00002000 08:02 20188127                   /home/abdulrahman/.gradle/wrapper/dists/gradle-3.3-all/55gk2rcmfc6p2dg9u9ohc3hw9/gradle-3.3/lib/native-platform-linux-i386-0.12.jar
7f6a5c008000-7f6a5c009000 r--s 00002000 08:02 20188126                   /home/abdulrahman/.gradle/wrapper/dists/gradle-3.3-all/55gk2rcmfc6p2dg9u9ohc3hw9/gradle-3.3/lib/native-platform-linux-amd64-0.12.jar
7f6a5c009000-7f6a5c00a000 r--s 00003000 08:02 20188125                   /home/abdulrahman/.gradle/wrapper/dists/gradle-3.3-all/55gk2rcmfc6p2dg9u9ohc3hw9/gradle-3.3/lib/native-platform-freebsd-i386-libstdcpp-0.12.jar
7f6a5c00a000-7f6a5c00b000 r--s 00004000 08:02 20188124                   /home/abdulrahman/.gradle/wrapper/dists/gradle-3.3-all/55gk2rcmfc6p2dg9u9ohc3hw9/gradle-3.3/lib/native-platform-freebsd-i386-libcpp-0.12.jar
7f6a5c00b000-7f6a5c00d000 r--s 00003000 08:02 20188123                   /home/abdulrahman/.gradle/wrapper/dists/gradle-3.3-all/55gk2rcmfc6p2dg9u9ohc3hw9/gradle-3.3/lib/native-platform-freebsd-amd64-libstdcpp-0.12.jar
7f6a5c00d000-7f6a5c010000 r--s 00023000 08:02 20188116                   /home/abdulrahman/.gradle/wrapper/dists/gradle-3.3-all/55gk2rcmfc6p2dg9u9ohc3hw9/gradle-3.3/lib/jansi-1.14.jar
7f6a5c010000-7f6a5c014000 r--s 00011000 08:02 20188115                   /home/abdulrahman/.gradle/wrapper/dists/gradle-3.3-all/55gk2rcmfc6p2dg9u9ohc3hw9/gradle-3.3/lib/native-platform-0.12.jar
7f6a5c014000-7f6a5c017000 r--s 0000a000 08:02 20188093                   /home/abdulrahman/.gradle/wrapper/dists/gradle-3.3-all/55gk2rcmfc6p2dg9u9ohc3hw9/gradle-3.3/lib/gradle-native-3.3.jar
7f6a5c017000-7f6a5c026000 r--s 0007f000 08:02 20188100                   /home/abdulrahman/.gradle/wrapper/dists/gradle-3.3-all/55gk2rcmfc6p2dg9u9ohc3hw9/gradle-3.3/lib/gradle-model-core-3.3.jar
7f6a5c026000-7f6a5c033000 r--s 00083000 08:02 20188104                   /home/abdulrahman/.gradle/wrapper/dists/gradle-3.3-all/55gk2rcmfc6p2dg9u9ohc3hw9/gradle-3.3/lib/commons-collections-3.2.2.jar
7f6a5c033000-7f6a5c05b000 r--s 001cf000 08:02 20188096                   /home/abdulrahman/.gradle/wrapper/dists/gradle-3.3-all/55gk2rcmfc6p2dg9u9ohc3hw9/gradle-3.3/lib/guava-jdk5-17.0.jar
7f6a5c05b000-7f6a5c07a000 r--s 001d1000 08:02 20188103                   /home/abdulrahman/.gradle/wrapper/dists/gradle-3.3-all/55gk2rcmfc6p2dg9u9ohc3hw9/gradle-3.3/lib/ant-1.9.6.jar
7f6a5c07a000-7f6a5c0b7000 r--s 001f8000 08:02 20188089                   /home/abdulrahman/.gradle/wrapper/dists/gradle-3.3-all/55gk2rcmfc6p2dg9u9ohc3hw9/gradle-3.3/lib/gradle-core-3.3.jar
7f6a5c0b7000-7f6a5c0ba000 ---p 00000000 00:00 0 
7f6a5c0ba000-7f6a5c1b8000 rw-p 00000000 00:00 0 
7f6a5c1b8000-7f6a5c1b9000 ---p 00000000 00:00 0 
7f6a5c1b9000-7f6a5d000000 rw-p 00000000 00:00 0 
7f6a5d000000-7f6a61c50000 rwxp 00000000 00:00 0 
7f6a61c50000-7f6a6c000000 ---p 00000000 00:00 0 
7f6a6c000000-7f6a6cdc1000 rw-p 00000000 00:00 0 
7f6a6cdc1000-7f6a70000000 ---p 00000000 00:00 0 
7f6a70000000-7f6a70001000 r--s 00004000 08:02 20188122                   /home/abdulrahman/.gradle/wrapper/dists/gradle-3.3-all/55gk2rcmfc6p2dg9u9ohc3hw9/gradle-3.3/lib/native-platform-freebsd-amd64-libcpp-0.12.jar
7f6a70001000-7f6a70003000 r--s 00005000 08:02 20188090                   /home/abdulrahman/.gradle/wrapper/dists/gradle-3.3-all/55gk2rcmfc6p2dg9u9ohc3hw9/gradle-3.3/lib/gradle-cli-3.3.jar
7f6a70003000-7f6a70005000 r--s 00007000 08:02 20188101                   /home/abdulrahman/.gradle/wrapper/dists/gradle-3.3-all/55gk2rcmfc6p2dg9u9ohc3hw9/gradle-3.3/lib/gradle-model-groovy-3.3.jar
7f6a70005000-7f6a70007000 r--s 00006000 08:02 20188108                   /home/abdulrahman/.gradle/wrapper/dists/gradle-3.3-all/55gk2rcmfc6p2dg9u9ohc3hw9/gradle-3.3/lib/gradle-base-services-groovy-3.3.jar
7f6a70007000-7f6a70459000 rw-p 00000000 00:00 0 
7f6a70459000-7f6a70628000 r--s 03c1b000 08:02 16779615                   /home/abdulrahman/local/android-studio/jre/jre/lib/rt.jar
7f6a70628000-7f6a7099e000 rw-p 00000000 00:00 0 
7f6a7099e000-7f6a7099f000 ---p 00000000 00:00 0 
7f6a7099f000-7f6a70a9f000 rw-p 00000000 00:00 0 
7f6a70a9f000-7f6a70aa0000 ---p 00000000 00:00 0 
7f6a70aa0000-7f6a70d09000 rw-p 00000000 00:00 0 
7f6a70d09000-7f6a70da0000 ---p 00000000 00:00 0 
7f6a70da0000-7f6a70f09000 rw-p 00000000 00:00 0 
7f6a70f09000-7f6a70fa0000 ---p 00000000 00:00 0 
7f6a70fa0000-7f6a7109d000 rw-p 00000000 00:00 0 
7f6a7109d000-7f6a710a0000 ---p 00000000 00:00 0 
7f6a710a0000-7f6a711d3000 rw-p 00000000 00:00 0 
7f6a711d3000-7f6a71461000 ---p 00000000 00:00 0 
7f6a71461000-7f6a7147b000 r-xp 00000000 08:02 16779642                   /home/abdulrahman/local/android-studio/jre/jre/lib/amd64/libzip.so
7f6a7147b000-7f6a7167b000 ---p 0001a000 08:02 16779642                   /home/abdulrahman/local/android-studio/jre/jre/lib/amd64/libzip.so
7f6a7167b000-7f6a7167c000 r--p 0001a000 08:02 16779642                   /home/abdulrahman/local/android-studio/jre/jre/lib/amd64/libzip.so
7f6a7167c000-7f6a7167d000 rw-p 0001b000 08:02 16779642                   /home/abdulrahman/local/android-studio/jre/jre/lib/amd64/libzip.so
7f6a7167d000-7f6a71688000 r-xp 00000000 08:02 2229769                    /lib/x86_64-linux-gnu/libnss_files-2.24.so
7f6a71688000-7f6a71887000 ---p 0000b000 08:02 2229769                    /lib/x86_64-linux-gnu/libnss_files-2.24.so
7f6a71887000-7f6a71888000 r--p 0000a000 08:02 2229769                    /lib/x86_64-linux-gnu/libnss_files-2.24.so
7f6a71888000-7f6a71889000 rw-p 0000b000 08:02 2229769                    /lib/x86_64-linux-gnu/libnss_files-2.24.so
7f6a71889000-7f6a7188f000 rw-p 00000000 00:00 0 
7f6a7188f000-7f6a7189a000 r-xp 00000000 08:02 2229772                    /lib/x86_64-linux-gnu/libnss_nis-2.24.so
7f6a7189a000-7f6a71a99000 ---p 0000b000 08:02 2229772                    /lib/x86_64-linux-gnu/libnss_nis-2.24.so
7f6a71a99000-7f6a71a9a000 r--p 0000a000 08:02 2229772                    /lib/x86_64-linux-gnu/libnss_nis-2.24.so
7f6a71a9a000-7f6a71a9b000 rw-p 0000b000 08:02 2229772                    /lib/x86_64-linux-gnu/libnss_nis-2.24.so
7f6a71a9b000-7f6a71ab1000 r-xp 00000000 08:02 2229766                    /lib/x86_64-linux-gnu/libnsl-2.24.so
7f6a71ab1000-7f6a71cb0000 ---p 00016000 08:02 2229766                    /lib/x86_64-linux-gnu/libnsl-2.24.so
7f6a71cb0000-7f6a71cb1000 r--p 00015000 08:02 2229766                    /lib/x86_64-linux-gnu/libnsl-2.24.so
7f6a71cb1000-7f6a71cb2000 rw-p 00016000 08:02 2229766                    /lib/x86_64-linux-gnu/libnsl-2.24.so
7f6a71cb2000-7f6a71cb4000 rw-p 00000000 00:00 0 
7f6a71cb4000-7f6a71cbc000 r-xp 00000000 08:02 2229767                    /lib/x86_64-linux-gnu/libnss_compat-2.24.so
7f6a71cbc000-7f6a71ebb000 ---p 00008000 08:02 2229767                    /lib/x86_64-linux-gnu/libnss_compat-2.24.so
7f6a71ebb000-7f6a71ebc000 r--p 00007000 08:02 2229767                    /lib/x86_64-linux-gnu/libnss_compat-2.24.so
7f6a71ebc000-7f6a71ebd000 rw-p 00008000 08:02 2229767                    /lib/x86_64-linux-gnu/libnss_compat-2.24.so
7f6a71ebd000-7f6a71eea000 r-xp 00000000 08:02 16779652                   /home/abdulrahman/local/android-studio/jre/jre/lib/amd64/libjava.so
7f6a71eea000-7f6a720e9000 ---p 0002d000 08:02 16779652                   /home/abdulrahman/local/android-studio/jre/jre/lib/amd64/libjava.so
7f6a720e9000-7f6a720ea000 r--p 0002c000 08:02 16779652                   /home/abdulrahman/local/android-studio/jre/jre/lib/amd64/libjava.so
7f6a720ea000-7f6a720ec000 rw-p 0002d000 08:02 16779652                   /home/abdulrahman/local/android-studio/jre/jre/lib/amd64/libjava.so
7f6a720ec000-7f6a720fc000 r-xp 00000000 08:02 16779668                   /home/abdulrahman/local/android-studio/jre/jre/lib/amd64/libverify.so
7f6a720fc000-7f6a722fb000 ---p 00010000 08:02 16779668                   /home/abdulrahman/local/android-studio/jre/jre/lib/amd64/libverify.so
7f6a722fb000-7f6a722fd000 r--p 0000f000 08:02 16779668                   /home/abdulrahman/local/android-studio/jre/jre/lib/amd64/libverify.so
7f6a722fd000-7f6a722fe000 rw-p 00011000 08:02 16779668                   /home/abdulrahman/local/android-studio/jre/jre/lib/amd64/libverify.so
7f6a722fe000-7f6a72305000 r-xp 00000000 08:02 2232733                    /lib/x86_64-linux-gnu/librt-2.24.so
7f6a72305000-7f6a72504000 ---p 00007000 08:02 2232733                    /lib/x86_64-linux-gnu/librt-2.24.so
7f6a72504000-7f6a72505000 r--p 00006000 08:02 2232733                    /lib/x86_64-linux-gnu/librt-2.24.so
7f6a72505000-7f6a72506000 rw-p 00007000 08:02 2232733                    /lib/x86_64-linux-gnu/librt-2.24.so
7f6a72506000-7f6a7260e000 r-xp 00000000 08:02 2228321                    /lib/x86_64-linux-gnu/libm-2.24.so
7f6a7260e000-7f6a7280d000 ---p 00108000 08:02 2228321                    /lib/x86_64-linux-gnu/libm-2.24.so
7f6a7280d000-7f6a7280e000 r--p 00107000 08:02 2228321                    /lib/x86_64-linux-gnu/libm-2.24.so
7f6a7280e000-7f6a7280f000 rw-p 00108000 08:02 2228321                    /lib/x86_64-linux-gnu/libm-2.24.so
7f6a7280f000-7f6a73400000 r-xp 00000000 08:02 16779672                   /home/abdulrahman/local/android-studio/jre/jre/lib/amd64/server/libjvm.so
7f6a73400000-7f6a73600000 ---p 00bf1000 08:02 16779672                   /home/abdulrahman/local/android-studio/jre/jre/lib/amd64/server/libjvm.so
7f6a73600000-7f6a7369f000 r--p 00bf1000 08:02 16779672                   /home/abdulrahman/local/android-studio/jre/jre/lib/amd64/server/libjvm.so
7f6a7369f000-7f6a736c8000 rw-p 00c90000 08:02 16779672                   /home/abdulrahman/local/android-studio/jre/jre/lib/amd64/server/libjvm.so
7f6a736c8000-7f6a7370c000 rw-p 00000000 00:00 0 
7f6a7370c000-7f6a73724000 r-xp 00000000 08:02 2232715                    /lib/x86_64-linux-gnu/libpthread-2.24.so
7f6a73724000-7f6a73924000 ---p 00018000 08:02 2232715                    /lib/x86_64-linux-gnu/libpthread-2.24.so
7f6a73924000-7f6a73925000 r--p 00018000 08:02 2232715                    /lib/x86_64-linux-gnu/libpthread-2.24.so
7f6a73925000-7f6a73926000 rw-p 00019000 08:02 2232715                    /lib/x86_64-linux-gnu/libpthread-2.24.so
7f6a73926000-7f6a7392a000 rw-p 00000000 00:00 0 
7f6a7392a000-7f6a7392d000 r-xp 00000000 08:02 2228320                    /lib/x86_64-linux-gnu/libdl-2.24.so
7f6a7392d000-7f6a73b2c000 ---p 00003000 08:02 2228320                    /lib/x86_64-linux-gnu/libdl-2.24.so
7f6a73b2c000-7f6a73b2d000 r--p 00002000 08:02 2228320                    /lib/x86_64-linux-gnu/libdl-2.24.so
7f6a73b2d000-7f6a73b2e000 rw-p 00003000 08:02 2228320                    /lib/x86_64-linux-gnu/libdl-2.24.so
7f6a73b2e000-7f6a73cec000 r-xp 00000000 08:02 2228317                    /lib/x86_64-linux-gnu/libc-2.24.so
7f6a73cec000-7f6a73eeb000 ---p 001be000 08:02 2228317                    /lib/x86_64-linux-gnu/libc-2.24.so
7f6a73eeb000-7f6a73eef000 r--p 001bd000 08:02 2228317                    /lib/x86_64-linux-gnu/libc-2.24.so
7f6a73eef000-7f6a73ef1000 rw-p 001c1000 08:02 2228317                    /lib/x86_64-linux-gnu/libc-2.24.so
7f6a73ef1000-7f6a73ef5000 rw-p 00000000 00:00 0 
7f6a73ef5000-7f6a73f0b000 r-xp 00000000 08:02 16779532                   /home/abdulrahman/local/android-studio/jre/lib/amd64/jli/libjli.so
7f6a73f0b000-7f6a7410a000 ---p 00016000 08:02 16779532                   /home/abdulrahman/local/android-studio/jre/lib/amd64/jli/libjli.so
7f6a7410a000-7f6a7410b000 r--p 00015000 08:02 16779532                   /home/abdulrahman/local/android-studio/jre/lib/amd64/jli/libjli.so
7f6a7410b000-7f6a7410c000 rw-p 00016000 08:02 16779532                   /home/abdulrahman/local/android-studio/jre/lib/amd64/jli/libjli.so
7f6a7410c000-7f6a74132000 r-xp 00000000 08:02 2228313                    /lib/x86_64-linux-gnu/ld-2.24.so
7f6a74132000-7f6a74133000 r--s 00002000 08:02 20188111                   /home/abdulrahman/.gradle/wrapper/dists/gradle-3.3-all/55gk2rcmfc6p2dg9u9ohc3hw9/gradle-3.3/lib/gradle-docs-3.3.jar
7f6a74133000-7f6a74134000 r--s 00000000 08:02 20188107                   /home/abdulrahman/.gradle/wrapper/dists/gradle-3.3-all/55gk2rcmfc6p2dg9u9ohc3hw9/gradle-3.3/lib/javax.inject-1.jar
7f6a74134000-7f6a74135000 r--s 00000000 08:02 20188106                   /home/abdulrahman/.gradle/wrapper/dists/gradle-3.3-all/55gk2rcmfc6p2dg9u9ohc3hw9/gradle-3.3/lib/jcip-annotations-1.0.jar
7f6a74135000-7f6a74139000 r--s 00027000 08:02 20188105                   /home/abdulrahman/.gradle/wrapper/dists/gradle-3.3-all/55gk2rcmfc6p2dg9u9ohc3hw9/gradle-3.3/lib/commons-io-2.2.jar
7f6a74139000-7f6a7413e000 r--s 00038000 08:02 20188102                   /home/abdulrahman/.gradle/wrapper/dists/gradle-3.3-all/55gk2rcmfc6p2dg9u9ohc3hw9/gradle-3.3/lib/asm-all-5.1.jar
7f6a7413e000-7f6a74140000 r--s 00000000 08:02 20188088                   /home/abdulrahman/.gradle/wrapper/dists/gradle-3.3-all/55gk2rcmfc6p2dg9u9ohc3hw9/gradle-3.3/lib/gradle-jvm-services-3.3.jar
7f6a74140000-7f6a74145000 r--s 00041000 08:02 20188097                   /home/abdulrahman/.gradle/wrapper/dists/gradle-3.3-all/55gk2rcmfc6p2dg9u9ohc3hw9/gradle-3.3/lib/commons-lang-2.6.jar
7f6a74145000-7f6a7414e000 r--s 00042000 08:02 20188087                   /home/abdulrahman/.gradle/wrapper/dists/gradle-3.3-all/55gk2rcmfc6p2dg9u9ohc3hw9/gradle-3.3/lib/gradle-base-services-3.3.jar
7f6a7414e000-7f6a74210000 rw-p 00000000 00:00 0 
7f6a74210000-7f6a74213000 ---p 00000000 00:00 0 
7f6a74213000-7f6a74313000 rw-p 00000000 00:00 0 
7f6a74313000-7f6a74314000 r--s 00001000 08:02 20188098                   /home/abdulrahman/.gradle/wrapper/dists/gradle-3.3-all/55gk2rcmfc6p2dg9u9ohc3hw9/gradle-3.3/lib/gradle-process-services-3.3.jar
7f6a74314000-7f6a74315000 r--s 00000000 08:02 20188253                   /home/abdulrahman/.gradle/wrapper/dists/gradle-3.3-all/55gk2rcmfc6p2dg9u9ohc3hw9/gradle-3.3/lib/gradle-version-info-3.3.jar
7f6a74315000-7f6a74316000 r--s 00007000 08:02 20188095                   /home/abdulrahman/.gradle/wrapper/dists/gradle-3.3-all/55gk2rcmfc6p2dg9u9ohc3hw9/gradle-3.3/lib/slf4j-api-1.7.10.jar
7f6a74316000-7f6a74317000 r--s 00004000 08:02 20188120                   /home/abdulrahman/.gradle/wrapper/dists/gradle-3.3-all/55gk2rcmfc6p2dg9u9ohc3hw9/gradle-3.3/lib/ant-launcher-1.9.6.jar
7f6a74317000-7f6a74324000 r--s 0005c000 08:02 20188084                   /home/abdulrahman/.gradle/wrapper/dists/gradle-3.3-all/55gk2rcmfc6p2dg9u9ohc3hw9/gradle-3.3/lib/gradle-launcher-3.3.jar
7f6a74324000-7f6a7432c000 rw-s 00000000 08:02 8531944                    /tmp/hsperfdata_abdulrahman/3892
7f6a7432c000-7f6a7432d000 rw-p 00000000 00:00 0 
7f6a7432d000-7f6a7432e000 ---p 00000000 00:00 0 
7f6a7432e000-7f6a74331000 rw-p 00000000 00:00 0 
7f6a74331000-7f6a74332000 r--p 00025000 08:02 2228313                    /lib/x86_64-linux-gnu/ld-2.24.so
7f6a74332000-7f6a74333000 rw-p 00026000 08:02 2228313                    /lib/x86_64-linux-gnu/ld-2.24.so
7f6a74333000-7f6a74334000 rw-p 00000000 00:00 0 
7ffebbf45000-7ffebbf66000 rw-p 00000000 00:00 0                          [stack]
7ffebbfa8000-7ffebbfaa000 r--p 00000000 00:00 0                          [vvar]
7ffebbfaa000-7ffebbfac000 r-xp 00000000 00:00 0                          [vdso]
ffffffffff600000-ffffffffff601000 r-xp 00000000 00:00 0                  [vsyscall]

VM Arguments:
jvm_args: -Xmx1536m -Dfile.encoding=UTF-8 -Duser.country=NG -Duser.language=en -Duser.variant 
java_command: org.gradle.launcher.daemon.bootstrap.GradleDaemon 3.3
java_class_path (initial): /home/abdulrahman/.gradle/wrapper/dists/gradle-3.3-all/55gk2rcmfc6p2dg9u9ohc3hw9/gradle-3.3/lib/gradle-launcher-3.3.jar
Launcher Type: SUN_STANDARD

Environment Variables:
PATH=/usr/local/sbin:/usr/local/bin:/usr/sbin:/usr/bin:/sbin:/bin:/usr/games:/usr/local/games:/snap/bin
LD_LIBRARY_PATH=./local/android-studio/bin:
SHELL=/bin/bash
DISPLAY=:0

Signal Handlers:
SIGSEGV: [libjvm.so+0x9e5150], sa_mask[0]=11111111011111111101111111111110, sa_flags=SA_RESTART|SA_SIGINFO
SIGBUS: [libjvm.so+0x9e5150], sa_mask[0]=11111111011111111101111111111110, sa_flags=SA_RESTART|SA_SIGINFO
SIGFPE: [libjvm.so+0x848450], sa_mask[0]=11111111011111111101111111111110, sa_flags=SA_RESTART|SA_SIGINFO
SIGPIPE: [libjvm.so+0x848450], sa_mask[0]=11111111011111111101111111111110, sa_flags=SA_RESTART|SA_SIGINFO
SIGXFSZ: [libjvm.so+0x848450], sa_mask[0]=11111111011111111101111111111110, sa_flags=SA_RESTART|SA_SIGINFO
SIGILL: [libjvm.so+0x848450], sa_mask[0]=11111111011111111101111111111110, sa_flags=SA_RESTART|SA_SIGINFO
SIGUSR1: SIG_DFL, sa_mask[0]=00000000000000000000000000000000, sa_flags=none
SIGUSR2: [libjvm.so+0x848320], sa_mask[0]=00100000000000000000000000000000, sa_flags=SA_RESTART|SA_SIGINFO
SIGHUP: [libjvm.so+0x848510], sa_mask[0]=11111111011111111101111111111110, sa_flags=SA_RESTART|SA_SIGINFO
SIGINT: [libjvm.so+0x848510], sa_mask[0]=11111111011111111101111111111110, sa_flags=SA_RESTART|SA_SIGINFO
SIGTERM: [libjvm.so+0x848510], sa_mask[0]=11111111011111111101111111111110, sa_flags=SA_RESTART|SA_SIGINFO
SIGQUIT: [libjvm.so+0x848510], sa_mask[0]=11111111011111111101111111111110, sa_flags=SA_RESTART|SA_SIGINFO


---------------  S Y S T E M  ---------------

OS:DISTRIB_ID=Ubuntu
DISTRIB_RELEASE=17.04
DISTRIB_CODENAME=zesty
DISTRIB_DESCRIPTION="Ubuntu 17.04"

uname:Linux 4.10.0-35-generic #39-Ubuntu SMP Wed Sep 13 07:46:59 UTC 2017 x86_64
libc:glibc 2.24 NPTL 2.24 
rlimit: STACK 8192k, CORE 0k, NPROC 14948, NOFILE 4096, AS infinity
load average:8.56 5.81 4.57

/proc/meminfo:
MemTotal:        3928764 kB
MemFree:           87684 kB
MemAvailable:      37284 kB
Buffers:            2668 kB
Cached:           222620 kB
SwapCached:        31848 kB
Active:          2999184 kB
Inactive:         631092 kB
Active(anon):    2946484 kB
Inactive(anon):   588620 kB
Active(file):      52700 kB
Inactive(file):    42472 kB
Unevictable:         128 kB
Mlocked:             128 kB
SwapTotal:       2097148 kB
SwapFree:         170824 kB
Dirty:               108 kB
Writeback:          3464 kB
AnonPages:       3376480 kB
Mapped:           125224 kB
Shmem:            130016 kB
Slab:              92688 kB
SReclaimable:      46404 kB
SUnreclaim:        46284 kB
KernelStack:       11536 kB
PageTables:        61120 kB
NFS_Unstable:          0 kB
Bounce:                0 kB
WritebackTmp:          0 kB
CommitLimit:     4061528 kB
Committed_AS:   10678128 kB
VmallocTotal:   34359738367 kB
VmallocUsed:           0 kB
VmallocChunk:          0 kB
HardwareCorrupted:     0 kB
AnonHugePages:   1116160 kB
ShmemHugePages:        0 kB
ShmemPmdMapped:        0 kB
CmaTotal:              0 kB
CmaFree:               0 kB
HugePages_Total:       0
HugePages_Free:        0
HugePages_Rsvd:        0
HugePages_Surp:        0
Hugepagesize:       2048 kB
DirectMap4k:      163584 kB
DirectMap2M:     3915776 kB


CPU:total 2 (2 cores per cpu, 1 threads per core) family 6 model 42 stepping 7, cmov, cx8, fxsr, mmx, sse, sse2, sse3, ssse3, sse4.1, sse4.2, popcnt, clmul, tsc, tscinvbit

/proc/cpuinfo:
processor	: 0
vendor_id	: GenuineIntel
cpu family	: 6
model		: 42
model name	: Intel(R) Pentium(R) CPU B980 @ 2.40GHz
stepping	: 7
microcode	: 0x29
cpu MHz		: 880.371
cache size	: 2048 KB
physical id	: 0
siblings	: 2
core id		: 0
cpu cores	: 2
apicid		: 0
initial apicid	: 0
fpu		: yes
fpu_exception	: yes
cpuid level	: 13
wp		: yes
flags		: fpu vme de pse tsc msr pae mce cx8 apic sep mtrr pge mca cmov pat pse36 clflush dts acpi mmx fxsr sse sse2 ss ht tm pbe syscall nx rdtscp lm constant_tsc arch_perfmon pebs bts rep_good nopl xtopology nonstop_tsc aperfmperf pni pclmulqdq dtes64 monitor ds_cpl est tm2 ssse3 cx16 xtpr pdcm pcid sse4_1 sse4_2 x2apic popcnt tsc_deadline_timer xsave lahf_lm epb xsaveopt dtherm arat pln pts
bugs		:
bogomips	: 4789.10
clflush size	: 64
cache_alignment	: 64
address sizes	: 36 bits physical, 48 bits virtual
power management:

processor	: 1
vendor_id	: GenuineIntel
cpu family	: 6
model		: 42
model name	: Intel(R) Pentium(R) CPU B980 @ 2.40GHz
stepping	: 7
microcode	: 0x29
cpu MHz		: 907.910
cache size	: 2048 KB
physical id	: 0
siblings	: 2
core id		: 1
cpu cores	: 2
apicid		: 2
initial apicid	: 2
fpu		: yes
fpu_exception	: yes
cpuid level	: 13
wp		: yes
flags		: fpu vme de pse tsc msr pae mce cx8 apic sep mtrr pge mca cmov pat pse36 clflush dts acpi mmx fxsr sse sse2 ss ht tm pbe syscall nx rdtscp lm constant_tsc arch_perfmon pebs bts rep_good nopl xtopology nonstop_tsc aperfmperf pni pclmulqdq dtes64 monitor ds_cpl est tm2 ssse3 cx16 xtpr pdcm pcid sse4_1 sse4_2 x2apic popcnt tsc_deadline_timer xsave lahf_lm epb xsaveopt dtherm arat pln pts
bugs		:
bogomips	: 4789.10
clflush size	: 64
cache_alignment	: 64
address sizes	: 36 bits physical, 48 bits virtual
power management:



Memory: 4k page, physical 3928764k(87684k free), swap 2097148k(170824k free)

vm_info: OpenJDK 64-Bit Server VM (25.112-b06) for linux-amd64 JRE (1.8.0_112-release-b06), built on Dec  6 2016 12:11:18 by "builder" with gcc 4.8.4

time: Sat Sep 30 21:39:06 2017
elapsed time: 7813 seconds (0d 2h 10m 13s)

